<?xml version="1.0" encoding="utf-8"?>
<CoverageSession xmlns:xsd="http://www.w3.org/2001/XMLSchema" xmlns:xsi="http://www.w3.org/2001/XMLSchema-instance">
  <Modules>
    <Module skippedDueTo="Filter" hash="99-9A-9B-D9-22-6D-73-65-98-D8-F6-66-DB-95-A7-82-26-51-BF-4C">
      <FullName>C:\Windows\Microsoft.Net\assembly\GAC_64\mscorlib\v4.0_4.0.0.0__b77a5c561934e089\mscorlib.dll</FullName>
      <ModuleName>mscorlib</ModuleName>
      <Classes />
    </Module>
    <Module skippedDueTo="MissingPdb" hash="AB-6E-C6-45-FA-8F-A0-32-6D-61-09-08-D5-05-77-EE-4D-FA-66-9D">
      <FullName>C:\Program Files (x86)\SharpDevelop\4.3\bin\Tools\NUnit\nunit-console.exe</FullName>
      <ModuleName>nunit-console</ModuleName>
      <Classes />
    </Module>
    <Module skippedDueTo="MissingPdb" hash="23-35-8C-86-05-D5-AE-FE-3C-1F-09-A0-86-02-40-7C-4F-CA-59-41">
      <FullName>C:\Program Files (x86)\SharpDevelop\4.3\bin\Tools\NUnit\lib\nunit.core.dll</FullName>
      <ModuleName>nunit.core</ModuleName>
      <Classes />
    </Module>
    <Module skippedDueTo="MissingPdb" hash="79-F8-9A-22-4E-29-52-37-00-CF-81-FF-1F-EA-05-EC-74-2A-2E-C8">
      <FullName>C:\Program Files (x86)\SharpDevelop\4.3\bin\Tools\NUnit\lib\nunit-console-runner.dll</FullName>
      <ModuleName>nunit-console-runner</ModuleName>
      <Classes />
    </Module>
    <Module skippedDueTo="MissingPdb" hash="57-DD-20-42-DA-33-B3-EE-DA-8C-8E-25-C9-E5-07-B5-08-62-0F-88">
      <FullName>C:\Program Files (x86)\SharpDevelop\4.3\bin\Tools\NUnit\lib\nunit.util.dll</FullName>
      <ModuleName>nunit.util</ModuleName>
      <Classes />
    </Module>
    <Module skippedDueTo="MissingPdb" hash="AD-76-2F-3C-5E-F6-77-0D-C6-AD-AF-A3-90-85-28-07-2D-A0-59-50">
      <FullName>C:\Program Files (x86)\SharpDevelop\4.3\bin\Tools\NUnit\lib\nunit.core.interfaces.dll</FullName>
      <ModuleName>nunit.core.interfaces</ModuleName>
      <Classes />
    </Module>
    <Module skippedDueTo="Filter" hash="10-B5-E0-24-E1-99-24-A5-F0-2B-17-EE-69-99-32-B5-55-DD-1D-5D">
      <FullName>C:\Windows\Microsoft.Net\assembly\GAC_MSIL\System.Configuration\v4.0_4.0.0.0__b03f5f7f11d50a3a\System.Configuration.dll</FullName>
      <ModuleName>System.Configuration</ModuleName>
      <Classes />
    </Module>
    <Module skippedDueTo="Filter" hash="E7-72-A5-F2-49-92-86-80-B3-3B-6E-82-E9-B3-75-9C-16-06-54-CD">
      <FullName>C:\Windows\Microsoft.Net\assembly\GAC_MSIL\System\v4.0_4.0.0.0__b77a5c561934e089\System.dll</FullName>
      <ModuleName>System</ModuleName>
      <Classes />
    </Module>
    <Module skippedDueTo="Filter" hash="7C-0D-5E-E8-2D-81-8E-D4-B9-71-0C-26-68-3B-F7-6D-CB-6B-F8-2F">
      <FullName>C:\Windows\Microsoft.Net\assembly\GAC_MSIL\System.Xml\v4.0_4.0.0.0__b77a5c561934e089\System.Xml.dll</FullName>
      <ModuleName>System.Xml</ModuleName>
      <Classes />
    </Module>
    <Module skippedDueTo="Filter" hash="90-22-6B-0A-DA-23-C3-86-06-BE-44-DE-2E-D2-9B-87-C0-E3-5C-5F">
      <FullName>C:\Windows\Microsoft.Net\assembly\GAC_MSIL\System.Runtime.Remoting\v4.0_4.0.0.0__b77a5c561934e089\System.Runtime.Remoting.dll</FullName>
      <ModuleName>System.Runtime.Remoting</ModuleName>
      <Classes />
    </Module>
    <Module skippedDueTo="MissingPdb" hash="23-35-8C-86-05-D5-AE-FE-3C-1F-09-A0-86-02-40-7C-4F-CA-59-41">
      <FullName>C:\Program Files (x86)\SharpDevelop\4.3\bin\Tools\NUnit\lib\nunit.core.dll</FullName>
      <ModuleName>nunit.core</ModuleName>
      <Classes />
    </Module>
    <Module skippedDueTo="Filter" hash="E7-72-A5-F2-49-92-86-80-B3-3B-6E-82-E9-B3-75-9C-16-06-54-CD">
      <FullName>C:\Windows\Microsoft.Net\assembly\GAC_MSIL\System\v4.0_4.0.0.0__b77a5c561934e089\System.dll</FullName>
      <ModuleName>System</ModuleName>
      <Classes />
    </Module>
    <Module skippedDueTo="Filter" hash="7C-0D-5E-E8-2D-81-8E-D4-B9-71-0C-26-68-3B-F7-6D-CB-6B-F8-2F">
      <FullName>C:\Windows\Microsoft.Net\assembly\GAC_MSIL\System.Xml\v4.0_4.0.0.0__b77a5c561934e089\System.Xml.dll</FullName>
      <ModuleName>System.Xml</ModuleName>
      <Classes />
    </Module>
    <Module skippedDueTo="MissingPdb" hash="AD-76-2F-3C-5E-F6-77-0D-C6-AD-AF-A3-90-85-28-07-2D-A0-59-50">
      <FullName>C:\Program Files (x86)\SharpDevelop\4.3\bin\Tools\NUnit\lib\nunit.core.interfaces.dll</FullName>
      <ModuleName>nunit.core.interfaces</ModuleName>
      <Classes />
    </Module>
    <Module hash="A6-F7-82-33-6B-18-10-E8-76-45-90-02-F5-11-EB-92-78-C8-A9-36">
      <FullName>C:\Users\Mark\AppData\Local\Temp\nunit20\ShadowCopyCache\8708_634937922863989508\Tests_113465377\assembly\dl3\d282abcf\c91d4a7f_95f2cd01\MFlow.Samples.Mvc.dll</FullName>
      <ModuleName>MFlow.Samples.Mvc</ModuleName>
      <Files>
        <File uid="1" fullPath="c:\git\MFlow\MFlow.Samples.Mvc\App_Start\AuthConfig.cs" />
        <File uid="2" fullPath="c:\git\MFlow\MFlow.Samples.Mvc\App_Start\BundleConfig.cs" />
        <File uid="3" fullPath="c:\git\MFlow\MFlow.Samples.Mvc\App_Start\FilterConfig.cs" />
        <File uid="4" fullPath="c:\git\MFlow\MFlow.Samples.Mvc\App_Start\RouteConfig.cs" />
        <File uid="5" fullPath="c:\git\MFlow\MFlow.Samples.Mvc\App_Start\WebApiConfig.cs" />
        <File uid="6" fullPath="c:\git\MFlow\MFlow.Samples.Mvc\Controllers\AccountController.cs" />
        <File uid="7" fullPath="c:\git\MFlow\MFlow.Samples.Mvc\Controllers\HomeController.cs" />
        <File uid="8" fullPath="c:\git\MFlow\MFlow.Samples.Mvc\CustomRules\CheckUsernameAvailability.cs" />
        <File uid="10" fullPath="c:\git\MFlow\MFlow.Samples.Mvc\Global.asax.cs" />
        <File uid="11" fullPath="c:\git\MFlow\MFlow.Samples.Mvc\Models\RegisterModels.cs" />
        <File uid="12" fullPath="c:\git\MFlow\MFlow.Samples.Mvc\Models\LoginModels.cs" />
      </Files>
      <Classes>
        <Class>
          <FullName>&lt;Module&gt;</FullName>
          <Methods />
        </Class>
        <Class>
          <FullName>MFlow.Samples.Mvc.AuthConfig</FullName>
          <Methods>
            <Method visited="false" cyclomaticComplexity="1" sequenceCoverage="0" branchCoverage="0" isConstructor="false" isStatic="true" isGetter="false" isSetter="false">
              <MetadataToken>100663297</MetadataToken>
              <Name>System.Void MFlow.Samples.Mvc.AuthConfig::RegisterAuth()</Name>
              <FileRef uid="1" />
              <SequencePoints>
                <SequencePoint vc="0" uspid="1" ordinal="0" offset="0" sl="13" sc="9" el="13" ec="10" />
                <SequencePoint vc="0" uspid="2" ordinal="1" offset="1" sl="30" sc="9" el="30" ec="10" />
              </SequencePoints>
              <BranchPoints />
              <MethodPoint xsi:type="SequencePoint" vc="0" uspid="1" ordinal="0" offset="0" sl="13" sc="9" el="13" ec="10" />
            </Method>
          </Methods>
        </Class>
        <Class>
          <FullName>MFlow.Samples.Mvc.BundleConfig</FullName>
          <Methods>
            <Method visited="false" cyclomaticComplexity="1" sequenceCoverage="0" branchCoverage="0" isConstructor="false" isStatic="true" isGetter="false" isSetter="false">
              <MetadataToken>100663298</MetadataToken>
              <Name>System.Void MFlow.Samples.Mvc.BundleConfig::RegisterBundles(System.Web.Optimization.BundleCollection)</Name>
              <FileRef uid="2" />
              <SequencePoints>
                <SequencePoint vc="0" uspid="3" ordinal="0" offset="0" sl="10" sc="9" el="10" ec="10" />
                <SequencePoint vc="0" uspid="4" ordinal="1" offset="1" sl="12" sc="13" el="12" ec="89" />
                <SequencePoint vc="0" uspid="5" ordinal="2" offset="39" sl="14" sc="13" el="26" ec="71" />
                <SequencePoint vc="0" uspid="6" ordinal="3" offset="169" sl="27" sc="9" el="27" ec="10" />
              </SequencePoints>
              <BranchPoints />
              <MethodPoint xsi:type="SequencePoint" vc="0" uspid="3" ordinal="0" offset="0" sl="10" sc="9" el="10" ec="10" />
            </Method>
            <Method visited="false" cyclomaticComplexity="1" sequenceCoverage="0" branchCoverage="0" isConstructor="true" isStatic="false" isGetter="false" isSetter="false">
              <MetadataToken>100663299</MetadataToken>
              <Name>System.Void MFlow.Samples.Mvc.BundleConfig::.ctor()</Name>
              <SequencePoints />
              <BranchPoints />
              <MethodPoint vc="0" uspid="7" ordinal="0" offset="0" />
            </Method>
          </Methods>
        </Class>
        <Class>
          <FullName>MFlow.Samples.Mvc.FilterConfig</FullName>
          <Methods>
            <Method visited="false" cyclomaticComplexity="1" sequenceCoverage="0" branchCoverage="0" isConstructor="false" isStatic="true" isGetter="false" isSetter="false">
              <MetadataToken>100663300</MetadataToken>
              <Name>System.Void MFlow.Samples.Mvc.FilterConfig::RegisterGlobalFilters(System.Web.Mvc.GlobalFilterCollection)</Name>
              <FileRef uid="3" />
              <SequencePoints>
                <SequencePoint vc="0" uspid="8" ordinal="0" offset="0" sl="9" sc="9" el="9" ec="10" />
                <SequencePoint vc="0" uspid="9" ordinal="1" offset="1" sl="10" sc="13" el="10" ec="53" />
                <SequencePoint vc="0" uspid="10" ordinal="2" offset="13" sl="11" sc="9" el="11" ec="10" />
              </SequencePoints>
              <BranchPoints />
              <MethodPoint xsi:type="SequencePoint" vc="0" uspid="8" ordinal="0" offset="0" sl="9" sc="9" el="9" ec="10" />
            </Method>
            <Method visited="false" cyclomaticComplexity="1" sequenceCoverage="0" branchCoverage="0" isConstructor="true" isStatic="false" isGetter="false" isSetter="false">
              <MetadataToken>100663301</MetadataToken>
              <Name>System.Void MFlow.Samples.Mvc.FilterConfig::.ctor()</Name>
              <SequencePoints />
              <BranchPoints />
              <MethodPoint vc="0" uspid="11" ordinal="0" offset="0" />
            </Method>
          </Methods>
        </Class>
        <Class>
          <FullName>MFlow.Samples.Mvc.RouteConfig</FullName>
          <Methods>
            <Method visited="false" cyclomaticComplexity="1" sequenceCoverage="0" branchCoverage="0" isConstructor="false" isStatic="true" isGetter="false" isSetter="false">
              <MetadataToken>100663302</MetadataToken>
              <Name>System.Void MFlow.Samples.Mvc.RouteConfig::RegisterRoutes(System.Web.Routing.RouteCollection)</Name>
              <FileRef uid="4" />
              <SequencePoints>
                <SequencePoint vc="0" uspid="12" ordinal="0" offset="0" sl="9" sc="9" el="9" ec="10" />
                <SequencePoint vc="0" uspid="13" ordinal="1" offset="1" sl="10" sc="13" el="10" ec="62" />
                <SequencePoint vc="0" uspid="14" ordinal="2" offset="13" sl="12" sc="13" el="16" ec="15" />
                <SequencePoint vc="0" uspid="15" ordinal="3" offset="50" sl="17" sc="9" el="17" ec="10" />
              </SequencePoints>
              <BranchPoints />
              <MethodPoint xsi:type="SequencePoint" vc="0" uspid="12" ordinal="0" offset="0" sl="9" sc="9" el="9" ec="10" />
            </Method>
            <Method visited="false" cyclomaticComplexity="1" sequenceCoverage="0" branchCoverage="0" isConstructor="true" isStatic="false" isGetter="false" isSetter="false">
              <MetadataToken>100663303</MetadataToken>
              <Name>System.Void MFlow.Samples.Mvc.RouteConfig::.ctor()</Name>
              <SequencePoints />
              <BranchPoints />
              <MethodPoint vc="0" uspid="16" ordinal="0" offset="0" />
            </Method>
          </Methods>
        </Class>
        <Class>
          <FullName>MFlow.Samples.Mvc.WebApiConfig</FullName>
          <Methods>
            <Method visited="false" cyclomaticComplexity="1" sequenceCoverage="0" branchCoverage="0" isConstructor="false" isStatic="true" isGetter="false" isSetter="false">
              <MetadataToken>100663304</MetadataToken>
              <Name>System.Void MFlow.Samples.Mvc.WebApiConfig::Register(System.Web.Http.HttpConfiguration)</Name>
              <FileRef uid="5" />
              <SequencePoints>
                <SequencePoint vc="0" uspid="17" ordinal="0" offset="0" sl="11" sc="9" el="11" ec="10" />
                <SequencePoint vc="0" uspid="18" ordinal="1" offset="1" sl="12" sc="13" el="16" ec="15" />
                <SequencePoint vc="0" uspid="19" ordinal="2" offset="33" sl="17" sc="9" el="17" ec="10" />
              </SequencePoints>
              <BranchPoints />
              <MethodPoint xsi:type="SequencePoint" vc="0" uspid="17" ordinal="0" offset="0" sl="11" sc="9" el="11" ec="10" />
            </Method>
          </Methods>
        </Class>
        <Class>
          <FullName>MFlow.Samples.Mvc.Controllers.AccountController</FullName>
          <Methods>
            <Method visited="false" cyclomaticComplexity="1" sequenceCoverage="0" branchCoverage="0" isConstructor="true" isStatic="false" isGetter="false" isSetter="false">
              <MetadataToken>100663305</MetadataToken>
              <Name>System.Void MFlow.Samples.Mvc.Controllers.AccountController::.ctor()</Name>
              <FileRef uid="6" />
              <SequencePoints>
                <SequencePoint vc="0" uspid="20" ordinal="0" offset="0" sl="10" sc="9" el="10" ec="35" />
                <SequencePoint vc="0" uspid="21" ordinal="1" offset="7" sl="11" sc="9" el="11" ec="10" />
                <SequencePoint vc="0" uspid="22" ordinal="2" offset="8" sl="13" sc="9" el="13" ec="10" />
              </SequencePoints>
              <BranchPoints />
              <MethodPoint xsi:type="SequencePoint" vc="0" uspid="20" ordinal="0" offset="0" sl="10" sc="9" el="10" ec="35" />
            </Method>
            <Method visited="false" cyclomaticComplexity="1" sequenceCoverage="0" branchCoverage="0" isConstructor="false" isStatic="false" isGetter="false" isSetter="false">
              <MetadataToken>100663306</MetadataToken>
              <Name>System.Web.Mvc.ActionResult MFlow.Samples.Mvc.Controllers.AccountController::Register()</Name>
              <FileRef uid="6" />
              <SequencePoints>
                <SequencePoint vc="0" uspid="23" ordinal="0" offset="0" sl="20" sc="9" el="20" ec="10" />
                <SequencePoint vc="0" uspid="24" ordinal="1" offset="1" sl="21" sc="13" el="21" ec="27" />
                <SequencePoint vc="0" uspid="25" ordinal="2" offset="10" sl="22" sc="9" el="22" ec="10" />
              </SequencePoints>
              <BranchPoints />
              <MethodPoint xsi:type="SequencePoint" vc="0" uspid="23" ordinal="0" offset="0" sl="20" sc="9" el="20" ec="10" />
            </Method>
            <Method visited="false" cyclomaticComplexity="2" sequenceCoverage="0" branchCoverage="0" isConstructor="false" isStatic="false" isGetter="false" isSetter="false">
              <MetadataToken>100663307</MetadataToken>
              <Name>System.Web.Mvc.ActionResult MFlow.Samples.Mvc.Controllers.AccountController::Register(MFlow.Samples.Mvc.Models.RegisterModel)</Name>
              <FileRef uid="6" />
              <SequencePoints>
                <SequencePoint vc="0" uspid="26" ordinal="0" offset="0" sl="31" sc="9" el="31" ec="10" />
                <SequencePoint vc="0" uspid="27" ordinal="1" offset="1" sl="32" sc="13" el="32" ec="36" />
                <SequencePoint vc="0" uspid="28" ordinal="2" offset="19" sl="33" sc="13" el="33" ec="14" />
                <SequencePoint vc="0" uspid="29" ordinal="3" offset="20" sl="34" sc="17" el="34" ec="50" />
                <SequencePoint vc="0" uspid="30" ordinal="4" offset="34" sl="37" sc="13" el="37" ec="32" />
                <SequencePoint vc="0" uspid="31" ordinal="5" offset="44" sl="38" sc="9" el="38" ec="10" />
              </SequencePoints>
              <BranchPoints>
                <BranchPoint vc="0" uspid="32" ordinal="0" offset="17" path="0" />
                <BranchPoint vc="0" uspid="33" ordinal="1" offset="17" path="1" />
              </BranchPoints>
              <MethodPoint xsi:type="SequencePoint" vc="0" uspid="26" ordinal="0" offset="0" sl="31" sc="9" el="31" ec="10" />
            </Method>
            <Method visited="false" cyclomaticComplexity="2" sequenceCoverage="0" branchCoverage="0" isConstructor="false" isStatic="false" isGetter="false" isSetter="false">
              <MetadataToken>100663308</MetadataToken>
              <Name>System.Web.Mvc.ActionResult MFlow.Samples.Mvc.Controllers.AccountController::Login(System.String)</Name>
              <FileRef uid="6" />
              <SequencePoints>
                <SequencePoint vc="0" uspid="34" ordinal="0" offset="0" sl="45" sc="9" el="45" ec="10" />
                <SequencePoint vc="0" uspid="35" ordinal="1" offset="1" sl="46" sc="13" el="46" ec="43" />
                <SequencePoint vc="0" uspid="36" ordinal="2" offset="97" sl="47" sc="13" el="47" ec="27" />
                <SequencePoint vc="0" uspid="37" ordinal="3" offset="106" sl="48" sc="9" el="48" ec="10" />
              </SequencePoints>
              <BranchPoints>
                <BranchPoint vc="0" uspid="38" ordinal="0" offset="6" path="0" />
                <BranchPoint vc="0" uspid="39" ordinal="1" offset="6" path="1" />
              </BranchPoints>
              <MethodPoint xsi:type="SequencePoint" vc="0" uspid="34" ordinal="0" offset="0" sl="45" sc="9" el="45" ec="10" />
            </Method>
            <Method visited="false" cyclomaticComplexity="2" sequenceCoverage="0" branchCoverage="0" isConstructor="false" isStatic="false" isGetter="false" isSetter="false">
              <MetadataToken>100663309</MetadataToken>
              <Name>System.Web.Mvc.ActionResult MFlow.Samples.Mvc.Controllers.AccountController::Login(MFlow.Samples.Mvc.Models.LoginModel,System.String)</Name>
              <FileRef uid="6" />
              <SequencePoints>
                <SequencePoint vc="0" uspid="40" ordinal="0" offset="0" sl="57" sc="9" el="57" ec="10" />
                <SequencePoint vc="0" uspid="41" ordinal="1" offset="1" sl="58" sc="13" el="58" ec="36" />
                <SequencePoint vc="0" uspid="42" ordinal="2" offset="19" sl="59" sc="13" el="59" ec="14" />
                <SequencePoint vc="0" uspid="43" ordinal="3" offset="20" sl="60" sc="17" el="60" ec="51" />
                <SequencePoint vc="0" uspid="44" ordinal="4" offset="30" sl="63" sc="13" el="63" ec="32" />
                <SequencePoint vc="0" uspid="45" ordinal="5" offset="40" sl="64" sc="9" el="64" ec="10" />
              </SequencePoints>
              <BranchPoints>
                <BranchPoint vc="0" uspid="46" ordinal="0" offset="17" path="0" />
                <BranchPoint vc="0" uspid="47" ordinal="1" offset="17" path="1" />
              </BranchPoints>
              <MethodPoint xsi:type="SequencePoint" vc="0" uspid="40" ordinal="0" offset="0" sl="57" sc="9" el="57" ec="10" />
            </Method>
            <Method visited="false" cyclomaticComplexity="2" sequenceCoverage="0" branchCoverage="0" isConstructor="false" isStatic="false" isGetter="false" isSetter="false">
              <MetadataToken>100663310</MetadataToken>
              <Name>System.Web.Mvc.ActionResult MFlow.Samples.Mvc.Controllers.AccountController::RedirectToLocal(System.String)</Name>
              <FileRef uid="6" />
              <SequencePoints>
                <SequencePoint vc="0" uspid="48" ordinal="0" offset="0" sl="68" sc="9" el="68" ec="10" />
                <SequencePoint vc="0" uspid="49" ordinal="1" offset="1" sl="69" sc="13" el="69" ec="43" />
                <SequencePoint vc="0" uspid="50" ordinal="2" offset="20" sl="70" sc="13" el="70" ec="14" />
                <SequencePoint vc="0" uspid="51" ordinal="3" offset="21" sl="71" sc="17" el="71" ec="44" />
                <SequencePoint vc="0" uspid="52" ordinal="4" offset="31" sl="74" sc="13" el="74" ec="14" />
                <SequencePoint vc="0" uspid="53" ordinal="5" offset="32" sl="75" sc="17" el="75" ec="58" />
                <SequencePoint vc="0" uspid="54" ordinal="6" offset="51" sl="77" sc="9" el="77" ec="10" />
              </SequencePoints>
              <BranchPoints>
                <BranchPoint vc="0" uspid="55" ordinal="0" offset="18" path="0" />
                <BranchPoint vc="0" uspid="56" ordinal="1" offset="18" path="1" />
              </BranchPoints>
              <MethodPoint xsi:type="SequencePoint" vc="0" uspid="48" ordinal="0" offset="0" sl="68" sc="9" el="68" ec="10" />
            </Method>
          </Methods>
        </Class>
        <Class>
          <FullName>MFlow.Samples.Mvc.Controllers.AccountController/&lt;Login&gt;o__SiteContainer0</FullName>
          <Methods />
        </Class>
        <Class>
          <FullName>MFlow.Samples.Mvc.Controllers.HomeController</FullName>
          <Methods>
            <Method visited="false" cyclomaticComplexity="2" sequenceCoverage="0" branchCoverage="0" isConstructor="false" isStatic="false" isGetter="false" isSetter="false">
              <MetadataToken>100663311</MetadataToken>
              <Name>System.Web.Mvc.ActionResult MFlow.Samples.Mvc.Controllers.HomeController::Index()</Name>
              <FileRef uid="7" />
              <SequencePoints>
                <SequencePoint vc="0" uspid="57" ordinal="0" offset="0" sl="8" sc="9" el="8" ec="10" />
                <SequencePoint vc="0" uspid="58" ordinal="1" offset="1" sl="9" sc="13" el="9" ec="98" />
                <SequencePoint vc="0" uspid="59" ordinal="2" offset="101" sl="11" sc="13" el="11" ec="27" />
                <SequencePoint vc="0" uspid="60" ordinal="3" offset="110" sl="12" sc="9" el="12" ec="10" />
              </SequencePoints>
              <BranchPoints>
                <BranchPoint vc="0" uspid="61" ordinal="0" offset="6" path="0" />
                <BranchPoint vc="0" uspid="62" ordinal="1" offset="6" path="1" />
              </BranchPoints>
              <MethodPoint xsi:type="SequencePoint" vc="0" uspid="57" ordinal="0" offset="0" sl="8" sc="9" el="8" ec="10" />
            </Method>
            <Method visited="false" cyclomaticComplexity="2" sequenceCoverage="0" branchCoverage="0" isConstructor="false" isStatic="false" isGetter="false" isSetter="false">
              <MetadataToken>100663312</MetadataToken>
              <Name>System.Web.Mvc.ActionResult MFlow.Samples.Mvc.Controllers.HomeController::About()</Name>
              <FileRef uid="7" />
              <SequencePoints>
                <SequencePoint vc="0" uspid="63" ordinal="0" offset="0" sl="15" sc="9" el="15" ec="10" />
                <SequencePoint vc="0" uspid="64" ordinal="1" offset="1" sl="16" sc="13" el="16" ec="60" />
                <SequencePoint vc="0" uspid="65" ordinal="2" offset="101" sl="18" sc="13" el="18" ec="27" />
                <SequencePoint vc="0" uspid="66" ordinal="3" offset="110" sl="19" sc="9" el="19" ec="10" />
              </SequencePoints>
              <BranchPoints>
                <BranchPoint vc="0" uspid="67" ordinal="0" offset="6" path="0" />
                <BranchPoint vc="0" uspid="68" ordinal="1" offset="6" path="1" />
              </BranchPoints>
              <MethodPoint xsi:type="SequencePoint" vc="0" uspid="63" ordinal="0" offset="0" sl="15" sc="9" el="15" ec="10" />
            </Method>
            <Method visited="false" cyclomaticComplexity="2" sequenceCoverage="0" branchCoverage="0" isConstructor="false" isStatic="false" isGetter="false" isSetter="false">
              <MetadataToken>100663313</MetadataToken>
              <Name>System.Web.Mvc.ActionResult MFlow.Samples.Mvc.Controllers.HomeController::Contact()</Name>
              <FileRef uid="7" />
              <SequencePoints>
                <SequencePoint vc="0" uspid="69" ordinal="0" offset="0" sl="22" sc="9" el="22" ec="10" />
                <SequencePoint vc="0" uspid="70" ordinal="1" offset="1" sl="23" sc="13" el="23" ec="52" />
                <SequencePoint vc="0" uspid="71" ordinal="2" offset="101" sl="25" sc="13" el="25" ec="27" />
                <SequencePoint vc="0" uspid="72" ordinal="3" offset="110" sl="26" sc="9" el="26" ec="10" />
              </SequencePoints>
              <BranchPoints>
                <BranchPoint vc="0" uspid="73" ordinal="0" offset="6" path="0" />
                <BranchPoint vc="0" uspid="74" ordinal="1" offset="6" path="1" />
              </BranchPoints>
              <MethodPoint xsi:type="SequencePoint" vc="0" uspid="69" ordinal="0" offset="0" sl="22" sc="9" el="22" ec="10" />
            </Method>
            <Method visited="false" cyclomaticComplexity="1" sequenceCoverage="0" branchCoverage="0" isConstructor="true" isStatic="false" isGetter="false" isSetter="false">
              <MetadataToken>100663314</MetadataToken>
              <Name>System.Void MFlow.Samples.Mvc.Controllers.HomeController::.ctor()</Name>
              <SequencePoints />
              <BranchPoints />
              <MethodPoint vc="0" uspid="75" ordinal="0" offset="0" />
            </Method>
          </Methods>
        </Class>
        <Class>
          <FullName>MFlow.Samples.Mvc.Controllers.HomeController/&lt;Index&gt;o__SiteContainer0</FullName>
          <Methods />
        </Class>
        <Class>
          <FullName>MFlow.Samples.Mvc.Controllers.HomeController/&lt;About&gt;o__SiteContainer2</FullName>
          <Methods />
        </Class>
        <Class>
          <FullName>MFlow.Samples.Mvc.Controllers.HomeController/&lt;Contact&gt;o__SiteContainer4</FullName>
          <Methods />
        </Class>
        <Class>
          <FullName>MFlow.Samples.Mvc.CustomRules.CheckUsernameAvailability</FullName>
          <Methods>
            <Method visited="false" cyclomaticComplexity="1" sequenceCoverage="0" branchCoverage="0" isConstructor="true" isStatic="false" isGetter="false" isSetter="false">
              <MetadataToken>100663315</MetadataToken>
              <Name>System.Void MFlow.Samples.Mvc.CustomRules.CheckUsernameAvailability::.ctor()</Name>
              <FileRef uid="8" />
              <SequencePoints>
                <SequencePoint vc="0" uspid="76" ordinal="0" offset="0" sl="11" sc="9" el="11" ec="43" />
                <SequencePoint vc="0" uspid="77" ordinal="1" offset="7" sl="12" sc="9" el="12" ec="10" />
                <SequencePoint vc="0" uspid="78" ordinal="2" offset="8" sl="13" sc="13" el="13" ec="54" />
                <SequencePoint vc="0" uspid="79" ordinal="3" offset="19" sl="14" sc="9" el="14" ec="10" />
              </SequencePoints>
              <BranchPoints />
              <MethodPoint xsi:type="SequencePoint" vc="0" uspid="76" ordinal="0" offset="0" sl="11" sc="9" el="11" ec="43" />
            </Method>
            <Method visited="false" cyclomaticComplexity="1" sequenceCoverage="0" branchCoverage="0" isConstructor="false" isStatic="false" isGetter="false" isSetter="false">
              <MetadataToken>100663316</MetadataToken>
              <Name>MFlow.Core.Validation.IFluentValidation`1&lt;MFlow.Samples.Mvc.Models.RegisterModel&gt; MFlow.Samples.Mvc.CustomRules.CheckUsernameAvailability::Execute(System.Func`1&lt;MFlow.Samples.Mvc.Models.RegisterModel&gt;)</Name>
              <FileRef uid="8" />
              <SequencePoints>
                <SequencePoint vc="0" uspid="80" ordinal="0" offset="0" sl="17" sc="9" el="17" ec="10" />
                <SequencePoint vc="0" uspid="81" ordinal="1" offset="1" sl="18" sc="13" el="18" ec="39" />
                <SequencePoint vc="0" uspid="82" ordinal="2" offset="8" sl="19" sc="13" el="22" ec="108" />
                <SequencePoint vc="0" uspid="83" ordinal="3" offset="81" sl="23" sc="9" el="23" ec="10" />
              </SequencePoints>
              <BranchPoints />
              <MethodPoint xsi:type="SequencePoint" vc="0" uspid="80" ordinal="0" offset="0" sl="17" sc="9" el="17" ec="10" />
            </Method>
          </Methods>
        </Class>
        <Class>
          <FullName>MFlow.Samples.Mvc.CustomRules.UsernameService</FullName>
          <Methods>
            <Method visited="false" cyclomaticComplexity="1" sequenceCoverage="0" branchCoverage="0" isConstructor="false" isStatic="true" isGetter="false" isSetter="false">
              <MetadataToken>100663317</MetadataToken>
              <Name>System.Boolean MFlow.Samples.Mvc.CustomRules.UsernameService::UsernameAvailable(System.String)</Name>
              <FileRef uid="8" />
              <SequencePoints>
                <SequencePoint vc="0" uspid="84" ordinal="0" offset="0" sl="33" sc="9" el="33" ec="10" />
                <SequencePoint vc="0" uspid="85" ordinal="1" offset="1" sl="34" sc="13" el="34" ec="26" />
                <SequencePoint vc="0" uspid="86" ordinal="2" offset="5" sl="35" sc="9" el="35" ec="10" />
              </SequencePoints>
              <BranchPoints />
              <MethodPoint xsi:type="SequencePoint" vc="0" uspid="84" ordinal="0" offset="0" sl="33" sc="9" el="33" ec="10" />
            </Method>
            <Method visited="false" cyclomaticComplexity="1" sequenceCoverage="0" branchCoverage="0" isConstructor="false" isStatic="true" isGetter="false" isSetter="false">
              <MetadataToken>100663318</MetadataToken>
              <Name>System.String MFlow.Samples.Mvc.CustomRules.UsernameService::SuggestedUsername(System.String)</Name>
              <FileRef uid="8" />
              <SequencePoints>
                <SequencePoint vc="0" uspid="87" ordinal="0" offset="0" sl="38" sc="9" el="38" ec="10" />
                <SequencePoint vc="0" uspid="88" ordinal="1" offset="1" sl="39" sc="13" el="39" ec="55" />
                <SequencePoint vc="0" uspid="89" ordinal="2" offset="15" sl="40" sc="9" el="40" ec="10" />
              </SequencePoints>
              <BranchPoints />
              <MethodPoint xsi:type="SequencePoint" vc="0" uspid="87" ordinal="0" offset="0" sl="38" sc="9" el="38" ec="10" />
            </Method>
            <Method visited="false" cyclomaticComplexity="1" sequenceCoverage="0" branchCoverage="0" isConstructor="true" isStatic="false" isGetter="false" isSetter="false">
              <MetadataToken>100663319</MetadataToken>
              <Name>System.Void MFlow.Samples.Mvc.CustomRules.UsernameService::.ctor()</Name>
              <SequencePoints />
              <BranchPoints />
              <MethodPoint vc="0" uspid="90" ordinal="0" offset="0" />
            </Method>
          </Methods>
        </Class>
        <Class>
          <FullName>MFlow.Samples.Mvc.MvcApplication</FullName>
          <Methods>
            <Method visited="false" cyclomaticComplexity="1" sequenceCoverage="0" branchCoverage="0" isConstructor="false" isStatic="false" isGetter="false" isSetter="false">
              <MetadataToken>100663320</MetadataToken>
              <Name>System.Void MFlow.Samples.Mvc.MvcApplication::Application_Start()</Name>
              <FileRef uid="10" />
              <SequencePoints>
                <SequencePoint vc="0" uspid="91" ordinal="0" offset="0" sl="18" sc="9" el="18" ec="10" />
                <SequencePoint vc="0" uspid="92" ordinal="1" offset="1" sl="19" sc="13" el="19" ec="49" />
                <SequencePoint vc="0" uspid="93" ordinal="2" offset="7" sl="21" sc="13" el="21" ec="70" />
                <SequencePoint vc="0" uspid="94" ordinal="3" offset="18" sl="22" sc="13" el="22" ec="71" />
                <SequencePoint vc="0" uspid="95" ordinal="4" offset="29" sl="23" sc="13" el="23" ec="59" />
                <SequencePoint vc="0" uspid="96" ordinal="5" offset="40" sl="24" sc="13" el="24" ec="63" />
                <SequencePoint vc="0" uspid="97" ordinal="6" offset="51" sl="25" sc="13" el="25" ec="39" />
                <SequencePoint vc="0" uspid="98" ordinal="7" offset="57" sl="26" sc="9" el="26" ec="10" />
              </SequencePoints>
              <BranchPoints />
              <MethodPoint xsi:type="SequencePoint" vc="0" uspid="91" ordinal="0" offset="0" sl="18" sc="9" el="18" ec="10" />
            </Method>
            <Method visited="false" cyclomaticComplexity="1" sequenceCoverage="0" branchCoverage="0" isConstructor="true" isStatic="false" isGetter="false" isSetter="false">
              <MetadataToken>100663321</MetadataToken>
              <Name>System.Void MFlow.Samples.Mvc.MvcApplication::.ctor()</Name>
              <SequencePoints />
              <BranchPoints />
              <MethodPoint vc="0" uspid="99" ordinal="0" offset="0" />
            </Method>
          </Methods>
        </Class>
        <Class>
          <FullName>MFlow.Samples.Mvc.Models.RegisterModel</FullName>
          <Methods>
            <Method visited="false" cyclomaticComplexity="1" sequenceCoverage="0" branchCoverage="0" isConstructor="false" isStatic="false" isGetter="true" isSetter="false">
              <MetadataToken>100663323</MetadataToken>
              <Name>System.String MFlow.Samples.Mvc.Models.RegisterModel::get_Forenames()</Name>
              <SequencePoints />
              <BranchPoints />
              <MethodPoint vc="0" uspid="100" ordinal="0" offset="0" />
            </Method>
            <Method visited="false" cyclomaticComplexity="1" sequenceCoverage="0" branchCoverage="0" isConstructor="false" isStatic="false" isGetter="false" isSetter="true">
              <MetadataToken>100663324</MetadataToken>
              <Name>System.Void MFlow.Samples.Mvc.Models.RegisterModel::set_Forenames(System.String)</Name>
              <SequencePoints />
              <BranchPoints />
              <MethodPoint vc="0" uspid="101" ordinal="0" offset="0" />
            </Method>
            <Method visited="false" cyclomaticComplexity="1" sequenceCoverage="0" branchCoverage="0" isConstructor="false" isStatic="false" isGetter="true" isSetter="false">
              <MetadataToken>100663325</MetadataToken>
              <Name>System.String MFlow.Samples.Mvc.Models.RegisterModel::get_Surname()</Name>
              <SequencePoints />
              <BranchPoints />
              <MethodPoint vc="0" uspid="102" ordinal="0" offset="0" />
            </Method>
            <Method visited="false" cyclomaticComplexity="1" sequenceCoverage="0" branchCoverage="0" isConstructor="false" isStatic="false" isGetter="false" isSetter="true">
              <MetadataToken>100663326</MetadataToken>
              <Name>System.Void MFlow.Samples.Mvc.Models.RegisterModel::set_Surname(System.String)</Name>
              <SequencePoints />
              <BranchPoints />
              <MethodPoint vc="0" uspid="103" ordinal="0" offset="0" />
            </Method>
            <Method visited="false" cyclomaticComplexity="1" sequenceCoverage="0" branchCoverage="0" isConstructor="false" isStatic="false" isGetter="true" isSetter="false">
              <MetadataToken>100663327</MetadataToken>
              <Name>System.String MFlow.Samples.Mvc.Models.RegisterModel::get_Email()</Name>
              <SequencePoints />
              <BranchPoints />
              <MethodPoint vc="0" uspid="104" ordinal="0" offset="0" />
            </Method>
            <Method visited="false" cyclomaticComplexity="1" sequenceCoverage="0" branchCoverage="0" isConstructor="false" isStatic="false" isGetter="false" isSetter="true">
              <MetadataToken>100663328</MetadataToken>
              <Name>System.Void MFlow.Samples.Mvc.Models.RegisterModel::set_Email(System.String)</Name>
              <SequencePoints />
              <BranchPoints />
              <MethodPoint vc="0" uspid="105" ordinal="0" offset="0" />
            </Method>
            <Method visited="false" cyclomaticComplexity="1" sequenceCoverage="0" branchCoverage="0" isConstructor="false" isStatic="false" isGetter="true" isSetter="false">
              <MetadataToken>100663329</MetadataToken>
              <Name>System.String MFlow.Samples.Mvc.Models.RegisterModel::get_UserName()</Name>
              <SequencePoints />
              <BranchPoints />
              <MethodPoint vc="0" uspid="106" ordinal="0" offset="0" />
            </Method>
            <Method visited="false" cyclomaticComplexity="1" sequenceCoverage="0" branchCoverage="0" isConstructor="false" isStatic="false" isGetter="false" isSetter="true">
              <MetadataToken>100663330</MetadataToken>
              <Name>System.Void MFlow.Samples.Mvc.Models.RegisterModel::set_UserName(System.String)</Name>
              <SequencePoints />
              <BranchPoints />
              <MethodPoint vc="0" uspid="107" ordinal="0" offset="0" />
            </Method>
            <Method visited="false" cyclomaticComplexity="1" sequenceCoverage="0" branchCoverage="0" isConstructor="false" isStatic="false" isGetter="true" isSetter="false">
              <MetadataToken>100663331</MetadataToken>
              <Name>System.String MFlow.Samples.Mvc.Models.RegisterModel::get_Password()</Name>
              <SequencePoints />
              <BranchPoints />
              <MethodPoint vc="0" uspid="108" ordinal="0" offset="0" />
            </Method>
            <Method visited="false" cyclomaticComplexity="1" sequenceCoverage="0" branchCoverage="0" isConstructor="false" isStatic="false" isGetter="false" isSetter="true">
              <MetadataToken>100663332</MetadataToken>
              <Name>System.Void MFlow.Samples.Mvc.Models.RegisterModel::set_Password(System.String)</Name>
              <SequencePoints />
              <BranchPoints />
              <MethodPoint vc="0" uspid="109" ordinal="0" offset="0" />
            </Method>
            <Method visited="false" cyclomaticComplexity="1" sequenceCoverage="0" branchCoverage="0" isConstructor="false" isStatic="false" isGetter="true" isSetter="false">
              <MetadataToken>100663333</MetadataToken>
              <Name>System.String MFlow.Samples.Mvc.Models.RegisterModel::get_ConfirmPassword()</Name>
              <SequencePoints />
              <BranchPoints />
              <MethodPoint vc="0" uspid="110" ordinal="0" offset="0" />
            </Method>
            <Method visited="false" cyclomaticComplexity="1" sequenceCoverage="0" branchCoverage="0" isConstructor="false" isStatic="false" isGetter="false" isSetter="true">
              <MetadataToken>100663334</MetadataToken>
              <Name>System.Void MFlow.Samples.Mvc.Models.RegisterModel::set_ConfirmPassword(System.String)</Name>
              <SequencePoints />
              <BranchPoints />
              <MethodPoint vc="0" uspid="111" ordinal="0" offset="0" />
            </Method>
            <Method visited="false" cyclomaticComplexity="1" sequenceCoverage="0" branchCoverage="0" isConstructor="true" isStatic="false" isGetter="false" isSetter="false">
              <MetadataToken>100663322</MetadataToken>
              <Name>System.Void MFlow.Samples.Mvc.Models.RegisterModel::.ctor()</Name>
              <FileRef uid="11" />
              <SequencePoints>
                <SequencePoint vc="0" uspid="112" ordinal="0" offset="0" sl="8" sc="9" el="8" ec="31" />
                <SequencePoint vc="0" uspid="113" ordinal="1" offset="7" sl="9" sc="9" el="9" ec="10" />
                <SequencePoint vc="0" uspid="114" ordinal="2" offset="8" sl="12" sc="13" el="12" ec="91" />
                <SequencePoint vc="0" uspid="115" ordinal="3" offset="22" sl="13" sc="9" el="13" ec="10" />
              </SequencePoints>
              <BranchPoints />
              <MethodPoint xsi:type="SequencePoint" vc="0" uspid="112" ordinal="0" offset="0" sl="8" sc="9" el="8" ec="31" />
            </Method>
          </Methods>
        </Class>
        <Class>
          <FullName>MFlow.Samples.Mvc.Models.LoginModel</FullName>
          <Methods>
            <Method visited="false" cyclomaticComplexity="1" sequenceCoverage="0" branchCoverage="0" isConstructor="false" isStatic="false" isGetter="true" isSetter="false">
              <MetadataToken>100663336</MetadataToken>
              <Name>System.String MFlow.Samples.Mvc.Models.LoginModel::get_UserName()</Name>
              <SequencePoints />
              <BranchPoints />
              <MethodPoint vc="0" uspid="116" ordinal="0" offset="0" />
            </Method>
            <Method visited="false" cyclomaticComplexity="1" sequenceCoverage="0" branchCoverage="0" isConstructor="false" isStatic="false" isGetter="false" isSetter="true">
              <MetadataToken>100663337</MetadataToken>
              <Name>System.Void MFlow.Samples.Mvc.Models.LoginModel::set_UserName(System.String)</Name>
              <SequencePoints />
              <BranchPoints />
              <MethodPoint vc="0" uspid="117" ordinal="0" offset="0" />
            </Method>
            <Method visited="false" cyclomaticComplexity="1" sequenceCoverage="0" branchCoverage="0" isConstructor="false" isStatic="false" isGetter="true" isSetter="false">
              <MetadataToken>100663338</MetadataToken>
              <Name>System.String MFlow.Samples.Mvc.Models.LoginModel::get_Password()</Name>
              <SequencePoints />
              <BranchPoints />
              <MethodPoint vc="0" uspid="118" ordinal="0" offset="0" />
            </Method>
            <Method visited="false" cyclomaticComplexity="1" sequenceCoverage="0" branchCoverage="0" isConstructor="false" isStatic="false" isGetter="false" isSetter="true">
              <MetadataToken>100663339</MetadataToken>
              <Name>System.Void MFlow.Samples.Mvc.Models.LoginModel::set_Password(System.String)</Name>
              <SequencePoints />
              <BranchPoints />
              <MethodPoint vc="0" uspid="119" ordinal="0" offset="0" />
            </Method>
            <Method visited="false" cyclomaticComplexity="1" sequenceCoverage="0" branchCoverage="0" isConstructor="false" isStatic="false" isGetter="true" isSetter="false">
              <MetadataToken>100663340</MetadataToken>
              <Name>System.Boolean MFlow.Samples.Mvc.Models.LoginModel::get_RememberMe()</Name>
              <SequencePoints />
              <BranchPoints />
              <MethodPoint vc="0" uspid="120" ordinal="0" offset="0" />
            </Method>
            <Method visited="false" cyclomaticComplexity="1" sequenceCoverage="0" branchCoverage="0" isConstructor="false" isStatic="false" isGetter="false" isSetter="true">
              <MetadataToken>100663341</MetadataToken>
              <Name>System.Void MFlow.Samples.Mvc.Models.LoginModel::set_RememberMe(System.Boolean)</Name>
              <SequencePoints />
              <BranchPoints />
              <MethodPoint vc="0" uspid="121" ordinal="0" offset="0" />
            </Method>
            <Method visited="false" cyclomaticComplexity="1" sequenceCoverage="0" branchCoverage="0" isConstructor="true" isStatic="false" isGetter="false" isSetter="false">
              <MetadataToken>100663335</MetadataToken>
              <Name>System.Void MFlow.Samples.Mvc.Models.LoginModel::.ctor()</Name>
              <FileRef uid="12" />
              <SequencePoints>
                <SequencePoint vc="0" uspid="122" ordinal="0" offset="0" sl="8" sc="9" el="8" ec="28" />
                <SequencePoint vc="0" uspid="123" ordinal="1" offset="7" sl="9" sc="9" el="9" ec="10" />
                <SequencePoint vc="0" uspid="124" ordinal="2" offset="8" sl="12" sc="13" el="12" ec="88" />
                <SequencePoint vc="0" uspid="125" ordinal="3" offset="22" sl="18" sc="9" el="18" ec="10" />
              </SequencePoints>
              <BranchPoints />
              <MethodPoint xsi:type="SequencePoint" vc="0" uspid="122" ordinal="0" offset="0" sl="8" sc="9" el="8" ec="28" />
            </Method>
          </Methods>
        </Class>
        <Class>
          <FullName>&lt;&gt;f__AnonymousType0`3</FullName>
          <Methods>
            <Method visited="false" cyclomaticComplexity="1" sequenceCoverage="0" branchCoverage="0" isConstructor="false" isStatic="false" isGetter="true" isSetter="false">
              <MetadataToken>100663343</MetadataToken>
              <Name>&lt;controller&gt;j__TPar &lt;&gt;f__AnonymousType0`3::get_controller()</Name>
              <SequencePoints />
              <BranchPoints />
              <MethodPoint vc="0" uspid="126" ordinal="0" offset="0" />
            </Method>
            <Method visited="false" cyclomaticComplexity="1" sequenceCoverage="0" branchCoverage="0" isConstructor="false" isStatic="false" isGetter="true" isSetter="false">
              <MetadataToken>100663344</MetadataToken>
              <Name>&lt;action&gt;j__TPar &lt;&gt;f__AnonymousType0`3::get_action()</Name>
              <SequencePoints />
              <BranchPoints />
              <MethodPoint vc="0" uspid="127" ordinal="0" offset="0" />
            </Method>
            <Method visited="false" cyclomaticComplexity="1" sequenceCoverage="0" branchCoverage="0" isConstructor="false" isStatic="false" isGetter="true" isSetter="false">
              <MetadataToken>100663345</MetadataToken>
              <Name>&lt;id&gt;j__TPar &lt;&gt;f__AnonymousType0`3::get_id()</Name>
              <SequencePoints />
              <BranchPoints />
              <MethodPoint vc="0" uspid="128" ordinal="0" offset="0" />
            </Method>
            <Method visited="false" cyclomaticComplexity="1" sequenceCoverage="0" branchCoverage="0" isConstructor="true" isStatic="false" isGetter="false" isSetter="false">
              <MetadataToken>100663342</MetadataToken>
              <Name>System.Void &lt;&gt;f__AnonymousType0`3::.ctor(&lt;controller&gt;j__TPar,&lt;action&gt;j__TPar,&lt;id&gt;j__TPar)</Name>
              <SequencePoints />
              <BranchPoints />
              <MethodPoint vc="0" uspid="129" ordinal="0" offset="0" />
            </Method>
            <Method visited="false" cyclomaticComplexity="1" sequenceCoverage="0" branchCoverage="0" isConstructor="false" isStatic="false" isGetter="false" isSetter="false">
              <MetadataToken>100663346</MetadataToken>
              <Name>System.String &lt;&gt;f__AnonymousType0`3::ToString()</Name>
              <SequencePoints />
              <BranchPoints />
              <MethodPoint vc="0" uspid="130" ordinal="0" offset="0" />
            </Method>
            <Method visited="false" cyclomaticComplexity="4" sequenceCoverage="0" branchCoverage="0" isConstructor="false" isStatic="false" isGetter="false" isSetter="false">
              <MetadataToken>100663347</MetadataToken>
              <Name>System.Boolean &lt;&gt;f__AnonymousType0`3::Equals(System.Object)</Name>
              <SequencePoints />
              <BranchPoints>
                <BranchPoint vc="0" uspid="132" ordinal="0" offset="8" path="0" />
                <BranchPoint vc="0" uspid="133" ordinal="1" offset="8" path="1" />
                <BranchPoint vc="0" uspid="134" ordinal="2" offset="32" path="0" />
                <BranchPoint vc="0" uspid="135" ordinal="3" offset="32" path="1" />
                <BranchPoint vc="0" uspid="136" ordinal="4" offset="56" path="0" />
                <BranchPoint vc="0" uspid="137" ordinal="5" offset="56" path="1" />
              </BranchPoints>
              <MethodPoint vc="0" uspid="131" ordinal="0" offset="0" />
            </Method>
            <Method visited="false" cyclomaticComplexity="1" sequenceCoverage="0" branchCoverage="0" isConstructor="false" isStatic="false" isGetter="false" isSetter="false">
              <MetadataToken>100663348</MetadataToken>
              <Name>System.Int32 &lt;&gt;f__AnonymousType0`3::GetHashCode()</Name>
              <SequencePoints />
              <BranchPoints />
              <MethodPoint vc="0" uspid="138" ordinal="0" offset="0" />
            </Method>
          </Methods>
        </Class>
        <Class>
          <FullName>&lt;&gt;f__AnonymousType1`1</FullName>
          <Methods>
            <Method visited="false" cyclomaticComplexity="1" sequenceCoverage="0" branchCoverage="0" isConstructor="false" isStatic="false" isGetter="true" isSetter="false">
              <MetadataToken>100663350</MetadataToken>
              <Name>&lt;id&gt;j__TPar &lt;&gt;f__AnonymousType1`1::get_id()</Name>
              <SequencePoints />
              <BranchPoints />
              <MethodPoint vc="0" uspid="139" ordinal="0" offset="0" />
            </Method>
            <Method visited="false" cyclomaticComplexity="1" sequenceCoverage="0" branchCoverage="0" isConstructor="true" isStatic="false" isGetter="false" isSetter="false">
              <MetadataToken>100663349</MetadataToken>
              <Name>System.Void &lt;&gt;f__AnonymousType1`1::.ctor(&lt;id&gt;j__TPar)</Name>
              <SequencePoints />
              <BranchPoints />
              <MethodPoint vc="0" uspid="140" ordinal="0" offset="0" />
            </Method>
            <Method visited="false" cyclomaticComplexity="1" sequenceCoverage="0" branchCoverage="0" isConstructor="false" isStatic="false" isGetter="false" isSetter="false">
              <MetadataToken>100663351</MetadataToken>
              <Name>System.String &lt;&gt;f__AnonymousType1`1::ToString()</Name>
              <SequencePoints />
              <BranchPoints />
              <MethodPoint vc="0" uspid="141" ordinal="0" offset="0" />
            </Method>
            <Method visited="false" cyclomaticComplexity="2" sequenceCoverage="0" branchCoverage="0" isConstructor="false" isStatic="false" isGetter="false" isSetter="false">
              <MetadataToken>100663352</MetadataToken>
              <Name>System.Boolean &lt;&gt;f__AnonymousType1`1::Equals(System.Object)</Name>
              <SequencePoints />
              <BranchPoints>
                <BranchPoint vc="0" uspid="143" ordinal="0" offset="8" path="0" />
                <BranchPoint vc="0" uspid="144" ordinal="1" offset="8" path="1" />
              </BranchPoints>
              <MethodPoint vc="0" uspid="142" ordinal="0" offset="0" />
            </Method>
            <Method visited="false" cyclomaticComplexity="1" sequenceCoverage="0" branchCoverage="0" isConstructor="false" isStatic="false" isGetter="false" isSetter="false">
              <MetadataToken>100663353</MetadataToken>
              <Name>System.Int32 &lt;&gt;f__AnonymousType1`1::GetHashCode()</Name>
              <SequencePoints />
              <BranchPoints />
              <MethodPoint vc="0" uspid="145" ordinal="0" offset="0" />
            </Method>
          </Methods>
        </Class>
      </Classes>
    </Module>
    <Module skippedDueTo="Filter" hash="03-CD-86-76-B7-A7-E6-F3-4C-91-C2-D1-31-87-96-84-11-74-76-6B">
      <FullName>C:\Windows\Microsoft.Net\assembly\GAC_MSIL\System.Web.Mvc\v4.0_4.0.0.0__31bf3856ad364e35\System.Web.Mvc.dll</FullName>
      <ModuleName>System.Web.Mvc</ModuleName>
      <Classes />
    </Module>
    <Module hash="53-B4-05-D9-36-E0-19-73-98-02-90-25-BA-9E-F9-3E-BE-28-86-CC">
      <FullName>C:\Users\Mark\AppData\Local\Temp\nunit20\ShadowCopyCache\8708_634937922863989508\Tests_113465377\assembly\dl3\9904e9cd\01cbe476_95f2cd01\MFlow.Core.dll</FullName>
      <ModuleName>MFlow.Core</ModuleName>
      <Files />
      <Classes>
        <Class>
          <FullName>&lt;Module&gt;</FullName>
          <Methods />
        </Class>
        <Class>
          <FullName>MFlow.Core.Conditions.FluentCondition`1</FullName>
          <Methods>
            <Method visited="false" cyclomaticComplexity="1" sequenceCoverage="0" branchCoverage="0" isConstructor="false" isStatic="false" isGetter="true" isSetter="false">
              <MetadataToken>100663305</MetadataToken>
              <Name>System.Linq.Expressions.Expression`1&lt;System.Func`2&lt;T,System.Boolean&gt;&gt; MFlow.Core.Conditions.FluentCondition`1::get_Condition()</Name>
              <SequencePoints />
              <BranchPoints />
              <MethodPoint vc="0" uspid="146" ordinal="0" offset="0" />
            </Method>
            <Method visited="false" cyclomaticComplexity="1" sequenceCoverage="0" branchCoverage="0" isConstructor="false" isStatic="false" isGetter="false" isSetter="true">
              <MetadataToken>100663306</MetadataToken>
              <Name>System.Void MFlow.Core.Conditions.FluentCondition`1::set_Condition(System.Linq.Expressions.Expression`1&lt;System.Func`2&lt;T,System.Boolean&gt;&gt;)</Name>
              <SequencePoints />
              <BranchPoints />
              <MethodPoint vc="0" uspid="147" ordinal="0" offset="0" />
            </Method>
            <Method visited="false" cyclomaticComplexity="1" sequenceCoverage="0" branchCoverage="0" isConstructor="false" isStatic="false" isGetter="true" isSetter="false">
              <MetadataToken>100663307</MetadataToken>
              <Name>MFlow.Core.Conditions.Enums.ConditionOutput MFlow.Core.Conditions.FluentCondition`1::get_Output()</Name>
              <SequencePoints />
              <BranchPoints />
              <MethodPoint vc="0" uspid="148" ordinal="0" offset="0" />
            </Method>
            <Method visited="false" cyclomaticComplexity="1" sequenceCoverage="0" branchCoverage="0" isConstructor="false" isStatic="false" isGetter="false" isSetter="true">
              <MetadataToken>100663308</MetadataToken>
              <Name>System.Void MFlow.Core.Conditions.FluentCondition`1::set_Output(MFlow.Core.Conditions.Enums.ConditionOutput)</Name>
              <SequencePoints />
              <BranchPoints />
              <MethodPoint vc="0" uspid="149" ordinal="0" offset="0" />
            </Method>
            <Method visited="false" cyclomaticComplexity="1" sequenceCoverage="0" branchCoverage="0" isConstructor="false" isStatic="false" isGetter="true" isSetter="false">
              <MetadataToken>100663309</MetadataToken>
              <Name>MFlow.Core.Conditions.Enums.ConditionType MFlow.Core.Conditions.FluentCondition`1::get_Type()</Name>
              <SequencePoints />
              <BranchPoints />
              <MethodPoint vc="0" uspid="150" ordinal="0" offset="0" />
            </Method>
            <Method visited="false" cyclomaticComplexity="1" sequenceCoverage="0" branchCoverage="0" isConstructor="false" isStatic="false" isGetter="false" isSetter="true">
              <MetadataToken>100663310</MetadataToken>
              <Name>System.Void MFlow.Core.Conditions.FluentCondition`1::set_Type(MFlow.Core.Conditions.Enums.ConditionType)</Name>
              <SequencePoints />
              <BranchPoints />
              <MethodPoint vc="0" uspid="151" ordinal="0" offset="0" />
            </Method>
            <Method visited="false" cyclomaticComplexity="1" sequenceCoverage="0" branchCoverage="0" isConstructor="false" isStatic="false" isGetter="true" isSetter="false">
              <MetadataToken>100663311</MetadataToken>
              <Name>System.String MFlow.Core.Conditions.FluentCondition`1::get_Key()</Name>
              <SequencePoints />
              <BranchPoints />
              <MethodPoint vc="0" uspid="152" ordinal="0" offset="0" />
            </Method>
            <Method visited="false" cyclomaticComplexity="1" sequenceCoverage="0" branchCoverage="0" isConstructor="false" isStatic="false" isGetter="false" isSetter="true">
              <MetadataToken>100663312</MetadataToken>
              <Name>System.Void MFlow.Core.Conditions.FluentCondition`1::set_Key(System.String)</Name>
              <SequencePoints />
              <BranchPoints />
              <MethodPoint vc="0" uspid="153" ordinal="0" offset="0" />
            </Method>
            <Method visited="false" cyclomaticComplexity="1" sequenceCoverage="0" branchCoverage="0" isConstructor="false" isStatic="false" isGetter="true" isSetter="false">
              <MetadataToken>100663313</MetadataToken>
              <Name>System.String MFlow.Core.Conditions.FluentCondition`1::get_Message()</Name>
              <SequencePoints />
              <BranchPoints />
              <MethodPoint vc="0" uspid="154" ordinal="0" offset="0" />
            </Method>
            <Method visited="false" cyclomaticComplexity="1" sequenceCoverage="0" branchCoverage="0" isConstructor="false" isStatic="false" isGetter="false" isSetter="true">
              <MetadataToken>100663314</MetadataToken>
              <Name>System.Void MFlow.Core.Conditions.FluentCondition`1::set_Message(System.String)</Name>
              <SequencePoints />
              <BranchPoints />
              <MethodPoint vc="0" uspid="155" ordinal="0" offset="0" />
            </Method>
            <Method visited="false" cyclomaticComplexity="1" sequenceCoverage="0" branchCoverage="0" isConstructor="true" isStatic="false" isGetter="false" isSetter="false">
              <MetadataToken>100663304</MetadataToken>
              <Name>System.Void MFlow.Core.Conditions.FluentCondition`1::.ctor(System.Linq.Expressions.Expression`1&lt;System.Func`2&lt;T,System.Boolean&gt;&gt;,MFlow.Core.Conditions.Enums.ConditionType,System.String,System.String,MFlow.Core.Conditions.Enums.ConditionOutput)</Name>
              <SequencePoints />
              <BranchPoints />
              <MethodPoint vc="0" uspid="156" ordinal="0" offset="0" />
            </Method>
            <Method visited="false" cyclomaticComplexity="1" sequenceCoverage="0" branchCoverage="0" isConstructor="false" isStatic="false" isGetter="false" isSetter="false">
              <MetadataToken>100663315</MetadataToken>
              <Name>System.Void MFlow.Core.Conditions.FluentCondition`1::SetMessage(System.String)</Name>
              <SequencePoints />
              <BranchPoints />
              <MethodPoint vc="0" uspid="157" ordinal="0" offset="0" />
            </Method>
            <Method visited="false" cyclomaticComplexity="1" sequenceCoverage="0" branchCoverage="0" isConstructor="false" isStatic="false" isGetter="false" isSetter="false">
              <MetadataToken>100663316</MetadataToken>
              <Name>System.Void MFlow.Core.Conditions.FluentCondition`1::SetKey(System.String)</Name>
              <SequencePoints />
              <BranchPoints />
              <MethodPoint vc="0" uspid="158" ordinal="0" offset="0" />
            </Method>
          </Methods>
        </Class>
        <Class>
          <FullName>MFlow.Core.Conditions.FluentConditions`1</FullName>
          <Methods>
            <Method visited="false" cyclomaticComplexity="1" sequenceCoverage="0" branchCoverage="0" isConstructor="true" isStatic="false" isGetter="false" isSetter="false">
              <MetadataToken>100663327</MetadataToken>
              <Name>System.Void MFlow.Core.Conditions.FluentConditions`1::.ctor(T)</Name>
              <SequencePoints />
              <BranchPoints />
              <MethodPoint vc="0" uspid="159" ordinal="0" offset="0" />
            </Method>
            <Method visited="false" cyclomaticComplexity="1" sequenceCoverage="0" branchCoverage="0" isConstructor="false" isStatic="false" isGetter="false" isSetter="false">
              <MetadataToken>100663328</MetadataToken>
              <Name>MFlow.Core.Conditions.IFluentConditions`1&lt;T&gt; MFlow.Core.Conditions.FluentConditions`1::If(System.Boolean,System.String,System.String,MFlow.Core.Conditions.Enums.ConditionOutput)</Name>
              <SequencePoints />
              <BranchPoints />
              <MethodPoint vc="0" uspid="160" ordinal="0" offset="0" />
            </Method>
            <Method visited="false" cyclomaticComplexity="1" sequenceCoverage="0" branchCoverage="0" isConstructor="false" isStatic="false" isGetter="false" isSetter="false">
              <MetadataToken>100663329</MetadataToken>
              <Name>MFlow.Core.Conditions.IFluentConditions`1&lt;T&gt; MFlow.Core.Conditions.FluentConditions`1::If(System.Linq.Expressions.Expression`1&lt;System.Func`2&lt;T,System.Boolean&gt;&gt;,System.String,System.String,MFlow.Core.Conditions.Enums.ConditionOutput)</Name>
              <SequencePoints />
              <BranchPoints />
              <MethodPoint vc="0" uspid="161" ordinal="0" offset="0" />
            </Method>
            <Method visited="false" cyclomaticComplexity="1" sequenceCoverage="0" branchCoverage="0" isConstructor="false" isStatic="false" isGetter="false" isSetter="false">
              <MetadataToken>100663330</MetadataToken>
              <Name>MFlow.Core.Conditions.IFluentConditions`1&lt;T&gt; MFlow.Core.Conditions.FluentConditions`1::And(System.Boolean,System.String,System.String,MFlow.Core.Conditions.Enums.ConditionOutput)</Name>
              <SequencePoints />
              <BranchPoints />
              <MethodPoint vc="0" uspid="162" ordinal="0" offset="0" />
            </Method>
            <Method visited="false" cyclomaticComplexity="1" sequenceCoverage="0" branchCoverage="0" isConstructor="false" isStatic="false" isGetter="false" isSetter="false">
              <MetadataToken>100663331</MetadataToken>
              <Name>MFlow.Core.Conditions.IFluentConditions`1&lt;T&gt; MFlow.Core.Conditions.FluentConditions`1::And(System.Linq.Expressions.Expression`1&lt;System.Func`2&lt;T,System.Boolean&gt;&gt;,System.String,System.String,MFlow.Core.Conditions.Enums.ConditionOutput)</Name>
              <SequencePoints />
              <BranchPoints />
              <MethodPoint vc="0" uspid="163" ordinal="0" offset="0" />
            </Method>
            <Method visited="false" cyclomaticComplexity="1" sequenceCoverage="0" branchCoverage="0" isConstructor="false" isStatic="false" isGetter="false" isSetter="false">
              <MetadataToken>100663332</MetadataToken>
              <Name>MFlow.Core.Conditions.IFluentConditions`1&lt;T&gt; MFlow.Core.Conditions.FluentConditions`1::Or(System.Boolean,System.String,System.String,MFlow.Core.Conditions.Enums.ConditionOutput)</Name>
              <SequencePoints />
              <BranchPoints />
              <MethodPoint vc="0" uspid="164" ordinal="0" offset="0" />
            </Method>
            <Method visited="false" cyclomaticComplexity="1" sequenceCoverage="0" branchCoverage="0" isConstructor="false" isStatic="false" isGetter="false" isSetter="false">
              <MetadataToken>100663333</MetadataToken>
              <Name>MFlow.Core.Conditions.IFluentConditions`1&lt;T&gt; MFlow.Core.Conditions.FluentConditions`1::Or(System.Linq.Expressions.Expression`1&lt;System.Func`2&lt;T,System.Boolean&gt;&gt;,System.String,System.String,MFlow.Core.Conditions.Enums.ConditionOutput)</Name>
              <SequencePoints />
              <BranchPoints />
              <MethodPoint vc="0" uspid="165" ordinal="0" offset="0" />
            </Method>
            <Method visited="false" cyclomaticComplexity="1" sequenceCoverage="0" branchCoverage="0" isConstructor="false" isStatic="false" isGetter="false" isSetter="false">
              <MetadataToken>100663334</MetadataToken>
              <Name>MFlow.Core.Conditions.IFluentConditions`1&lt;T&gt; MFlow.Core.Conditions.FluentConditions`1::Clear()</Name>
              <SequencePoints />
              <BranchPoints />
              <MethodPoint vc="0" uspid="166" ordinal="0" offset="0" />
            </Method>
            <Method visited="false" cyclomaticComplexity="4" sequenceCoverage="0" branchCoverage="0" isConstructor="false" isStatic="false" isGetter="false" isSetter="false">
              <MetadataToken>100663335</MetadataToken>
              <Name>MFlow.Core.Conditions.IFluentConditions`1&lt;T&gt; MFlow.Core.Conditions.FluentConditions`1::Then(System.Action,MFlow.Core.Conditions.Enums.ExecuteThread)</Name>
              <SequencePoints />
              <BranchPoints>
                <BranchPoint vc="0" uspid="168" ordinal="0" offset="28" path="0" />
                <BranchPoint vc="0" uspid="169" ordinal="1" offset="28" path="1" />
                <BranchPoint vc="0" uspid="170" ordinal="2" offset="40" path="0" />
                <BranchPoint vc="0" uspid="171" ordinal="3" offset="40" path="1" />
                <BranchPoint vc="0" uspid="172" ordinal="4" offset="60" path="0" />
                <BranchPoint vc="0" uspid="173" ordinal="5" offset="60" path="1" />
              </BranchPoints>
              <MethodPoint vc="0" uspid="167" ordinal="0" offset="0" />
            </Method>
            <Method visited="false" cyclomaticComplexity="4" sequenceCoverage="0" branchCoverage="0" isConstructor="false" isStatic="false" isGetter="false" isSetter="false">
              <MetadataToken>100663336</MetadataToken>
              <Name>MFlow.Core.Conditions.IFluentConditions`1&lt;T&gt; MFlow.Core.Conditions.FluentConditions`1::Else(System.Action,MFlow.Core.Conditions.Enums.ExecuteThread)</Name>
              <SequencePoints />
              <BranchPoints>
                <BranchPoint vc="0" uspid="175" ordinal="0" offset="25" path="0" />
                <BranchPoint vc="0" uspid="176" ordinal="1" offset="25" path="1" />
                <BranchPoint vc="0" uspid="177" ordinal="2" offset="37" path="0" />
                <BranchPoint vc="0" uspid="178" ordinal="3" offset="37" path="1" />
                <BranchPoint vc="0" uspid="179" ordinal="4" offset="57" path="0" />
                <BranchPoint vc="0" uspid="180" ordinal="5" offset="57" path="1" />
              </BranchPoints>
              <MethodPoint vc="0" uspid="174" ordinal="0" offset="0" />
            </Method>
            <Method visited="false" cyclomaticComplexity="2" sequenceCoverage="0" branchCoverage="0" isConstructor="false" isStatic="false" isGetter="false" isSetter="false">
              <MetadataToken>100663337</MetadataToken>
              <Name>System.Boolean MFlow.Core.Conditions.FluentConditions`1::Satisfied(System.Boolean)</Name>
              <SequencePoints />
              <BranchPoints>
                <BranchPoint vc="0" uspid="182" ordinal="0" offset="61" path="0" />
                <BranchPoint vc="0" uspid="183" ordinal="1" offset="61" path="1" />
              </BranchPoints>
              <MethodPoint vc="0" uspid="181" ordinal="0" offset="0" />
            </Method>
            <Method visited="false" cyclomaticComplexity="2" sequenceCoverage="0" branchCoverage="0" isConstructor="false" isStatic="false" isGetter="false" isSetter="false">
              <MetadataToken>100663338</MetadataToken>
              <Name>System.Boolean MFlow.Core.Conditions.FluentConditions`1::&lt;Satisfied&gt;b__d(MFlow.Core.Conditions.IFluentCondition`1&lt;T&gt;)</Name>
              <SequencePoints />
              <BranchPoints>
                <BranchPoint vc="0" uspid="185" ordinal="0" offset="28" path="0" />
                <BranchPoint vc="0" uspid="186" ordinal="1" offset="28" path="1" />
              </BranchPoints>
              <MethodPoint vc="0" uspid="184" ordinal="0" offset="0" />
            </Method>
            <Method visited="false" cyclomaticComplexity="2" sequenceCoverage="0" branchCoverage="0" isConstructor="false" isStatic="false" isGetter="false" isSetter="false">
              <MetadataToken>100663339</MetadataToken>
              <Name>System.Boolean MFlow.Core.Conditions.FluentConditions`1::&lt;Satisfied&gt;b__f(MFlow.Core.Conditions.IFluentCondition`1&lt;T&gt;)</Name>
              <SequencePoints />
              <BranchPoints>
                <BranchPoint vc="0" uspid="188" ordinal="0" offset="28" path="0" />
                <BranchPoint vc="0" uspid="189" ordinal="1" offset="28" path="1" />
              </BranchPoints>
              <MethodPoint vc="0" uspid="187" ordinal="0" offset="0" />
            </Method>
          </Methods>
        </Class>
        <Class>
          <FullName>MFlow.Core.Conditions.FluentConditions`1/&lt;&gt;c__DisplayClass0</FullName>
          <Methods>
            <Method visited="false" cyclomaticComplexity="1" sequenceCoverage="0" branchCoverage="0" isConstructor="true" isStatic="false" isGetter="false" isSetter="false">
              <MetadataToken>100663656</MetadataToken>
              <Name>System.Void MFlow.Core.Conditions.FluentConditions`1/&lt;&gt;c__DisplayClass0::.ctor()</Name>
              <SequencePoints />
              <BranchPoints />
              <MethodPoint vc="0" uspid="190" ordinal="0" offset="0" />
            </Method>
          </Methods>
        </Class>
        <Class>
          <FullName>MFlow.Core.Conditions.FluentConditions`1/&lt;&gt;c__DisplayClass2</FullName>
          <Methods>
            <Method visited="false" cyclomaticComplexity="1" sequenceCoverage="0" branchCoverage="0" isConstructor="true" isStatic="false" isGetter="false" isSetter="false">
              <MetadataToken>100663657</MetadataToken>
              <Name>System.Void MFlow.Core.Conditions.FluentConditions`1/&lt;&gt;c__DisplayClass2::.ctor()</Name>
              <SequencePoints />
              <BranchPoints />
              <MethodPoint vc="0" uspid="191" ordinal="0" offset="0" />
            </Method>
          </Methods>
        </Class>
        <Class>
          <FullName>MFlow.Core.Conditions.FluentConditions`1/&lt;&gt;c__DisplayClass6</FullName>
          <Methods>
            <Method visited="false" cyclomaticComplexity="1" sequenceCoverage="0" branchCoverage="0" isConstructor="true" isStatic="false" isGetter="false" isSetter="false">
              <MetadataToken>100663658</MetadataToken>
              <Name>System.Void MFlow.Core.Conditions.FluentConditions`1/&lt;&gt;c__DisplayClass6::.ctor()</Name>
              <SequencePoints />
              <BranchPoints />
              <MethodPoint vc="0" uspid="192" ordinal="0" offset="0" />
            </Method>
            <Method visited="false" cyclomaticComplexity="1" sequenceCoverage="0" branchCoverage="0" isConstructor="false" isStatic="false" isGetter="false" isSetter="false">
              <MetadataToken>100663659</MetadataToken>
              <Name>System.Void MFlow.Core.Conditions.FluentConditions`1/&lt;&gt;c__DisplayClass6::&lt;Then&gt;b__4(System.Object)</Name>
              <SequencePoints />
              <BranchPoints />
              <MethodPoint vc="0" uspid="193" ordinal="0" offset="0" />
            </Method>
          </Methods>
        </Class>
        <Class>
          <FullName>MFlow.Core.Conditions.FluentConditions`1/&lt;&gt;c__DisplayClassa</FullName>
          <Methods>
            <Method visited="false" cyclomaticComplexity="1" sequenceCoverage="0" branchCoverage="0" isConstructor="true" isStatic="false" isGetter="false" isSetter="false">
              <MetadataToken>100663660</MetadataToken>
              <Name>System.Void MFlow.Core.Conditions.FluentConditions`1/&lt;&gt;c__DisplayClassa::.ctor()</Name>
              <SequencePoints />
              <BranchPoints />
              <MethodPoint vc="0" uspid="194" ordinal="0" offset="0" />
            </Method>
            <Method visited="false" cyclomaticComplexity="1" sequenceCoverage="0" branchCoverage="0" isConstructor="false" isStatic="false" isGetter="false" isSetter="false">
              <MetadataToken>100663661</MetadataToken>
              <Name>System.Void MFlow.Core.Conditions.FluentConditions`1/&lt;&gt;c__DisplayClassa::&lt;Else&gt;b__8(System.Object)</Name>
              <SequencePoints />
              <BranchPoints />
              <MethodPoint vc="0" uspid="195" ordinal="0" offset="0" />
            </Method>
          </Methods>
        </Class>
        <Class>
          <FullName>MFlow.Core.Conditions.FluentConditions`1/&lt;&gt;c__DisplayClass10</FullName>
          <Methods>
            <Method visited="false" cyclomaticComplexity="1" sequenceCoverage="0" branchCoverage="0" isConstructor="true" isStatic="false" isGetter="false" isSetter="false">
              <MetadataToken>100663662</MetadataToken>
              <Name>System.Void MFlow.Core.Conditions.FluentConditions`1/&lt;&gt;c__DisplayClass10::.ctor()</Name>
              <SequencePoints />
              <BranchPoints />
              <MethodPoint vc="0" uspid="196" ordinal="0" offset="0" />
            </Method>
            <Method visited="false" cyclomaticComplexity="3" sequenceCoverage="0" branchCoverage="0" isConstructor="false" isStatic="false" isGetter="false" isSetter="false">
              <MetadataToken>100663663</MetadataToken>
              <Name>System.Boolean MFlow.Core.Conditions.FluentConditions`1/&lt;&gt;c__DisplayClass10::&lt;Satisfied&gt;b__c(MFlow.Core.Conditions.IFluentCondition`1&lt;T&gt;)</Name>
              <SequencePoints />
              <BranchPoints>
                <BranchPoint vc="0" uspid="198" ordinal="0" offset="6" path="0" />
                <BranchPoint vc="0" uspid="199" ordinal="1" offset="6" path="1" />
                <BranchPoint vc="0" uspid="200" ordinal="2" offset="15" path="0" />
                <BranchPoint vc="0" uspid="201" ordinal="3" offset="15" path="1" />
              </BranchPoints>
              <MethodPoint vc="0" uspid="197" ordinal="0" offset="0" />
            </Method>
            <Method visited="false" cyclomaticComplexity="3" sequenceCoverage="0" branchCoverage="0" isConstructor="false" isStatic="false" isGetter="false" isSetter="false">
              <MetadataToken>100663664</MetadataToken>
              <Name>System.Boolean MFlow.Core.Conditions.FluentConditions`1/&lt;&gt;c__DisplayClass10::&lt;Satisfied&gt;b__e(MFlow.Core.Conditions.IFluentCondition`1&lt;T&gt;)</Name>
              <SequencePoints />
              <BranchPoints>
                <BranchPoint vc="0" uspid="203" ordinal="0" offset="6" path="0" />
                <BranchPoint vc="0" uspid="204" ordinal="1" offset="6" path="1" />
                <BranchPoint vc="0" uspid="205" ordinal="2" offset="15" path="0" />
                <BranchPoint vc="0" uspid="206" ordinal="3" offset="15" path="1" />
              </BranchPoints>
              <MethodPoint vc="0" uspid="202" ordinal="0" offset="0" />
            </Method>
          </Methods>
        </Class>
        <Class>
          <FullName>MFlow.Core.Internal.ExpressionBuilder`1</FullName>
          <Methods>
            <Method visited="false" cyclomaticComplexity="2" sequenceCoverage="0" branchCoverage="0" isConstructor="false" isStatic="false" isGetter="false" isSetter="false">
              <MetadataToken>100663342</MetadataToken>
              <Name>System.Func`2&lt;T,C&gt; MFlow.Core.Internal.ExpressionBuilder`1::Compile(System.Linq.Expressions.Expression`1&lt;System.Func`2&lt;T,C&gt;&gt;)</Name>
              <SequencePoints />
              <BranchPoints>
                <BranchPoint vc="0" uspid="208" ordinal="0" offset="17" path="0" />
                <BranchPoint vc="0" uspid="209" ordinal="1" offset="17" path="1" />
              </BranchPoints>
              <MethodPoint vc="0" uspid="207" ordinal="0" offset="0" />
            </Method>
            <Method visited="false" cyclomaticComplexity="1" sequenceCoverage="0" branchCoverage="0" isConstructor="false" isStatic="false" isGetter="false" isSetter="false">
              <MetadataToken>100663343</MetadataToken>
              <Name>C MFlow.Core.Internal.ExpressionBuilder`1::Invoke(System.Func`2&lt;T,C&gt;,T)</Name>
              <SequencePoints />
              <BranchPoints />
              <MethodPoint vc="0" uspid="210" ordinal="0" offset="0" />
            </Method>
            <Method visited="false" cyclomaticComplexity="1" sequenceCoverage="0" branchCoverage="0" isConstructor="true" isStatic="false" isGetter="false" isSetter="false">
              <MetadataToken>100663344</MetadataToken>
              <Name>System.Void MFlow.Core.Internal.ExpressionBuilder`1::.ctor()</Name>
              <SequencePoints />
              <BranchPoints />
              <MethodPoint vc="0" uspid="211" ordinal="0" offset="0" />
            </Method>
            <Method visited="false" cyclomaticComplexity="1" sequenceCoverage="0" branchCoverage="0" isConstructor="true" isStatic="true" isGetter="false" isSetter="false">
              <MetadataToken>100663345</MetadataToken>
              <Name>System.Void MFlow.Core.Internal.ExpressionBuilder`1::.cctor()</Name>
              <SequencePoints />
              <BranchPoints />
              <MethodPoint vc="0" uspid="212" ordinal="0" offset="0" />
            </Method>
          </Methods>
        </Class>
        <Class>
          <FullName>MFlow.Core.Internal.Validators.Dates.AfterValidator</FullName>
          <Methods>
            <Method visited="false" cyclomaticComplexity="1" sequenceCoverage="0" branchCoverage="0" isConstructor="false" isStatic="false" isGetter="false" isSetter="false">
              <MetadataToken>100663352</MetadataToken>
              <Name>System.Boolean MFlow.Core.Internal.Validators.Dates.AfterValidator::Validate(System.DateTime,System.DateTime)</Name>
              <SequencePoints />
              <BranchPoints />
              <MethodPoint vc="0" uspid="213" ordinal="0" offset="0" />
            </Method>
            <Method visited="false" cyclomaticComplexity="1" sequenceCoverage="0" branchCoverage="0" isConstructor="true" isStatic="false" isGetter="false" isSetter="false">
              <MetadataToken>100663353</MetadataToken>
              <Name>System.Void MFlow.Core.Internal.Validators.Dates.AfterValidator::.ctor()</Name>
              <SequencePoints />
              <BranchPoints />
              <MethodPoint vc="0" uspid="214" ordinal="0" offset="0" />
            </Method>
          </Methods>
        </Class>
        <Class>
          <FullName>MFlow.Core.Internal.Validators.Dates.BeforeValidator</FullName>
          <Methods>
            <Method visited="false" cyclomaticComplexity="1" sequenceCoverage="0" branchCoverage="0" isConstructor="false" isStatic="false" isGetter="false" isSetter="false">
              <MetadataToken>100663354</MetadataToken>
              <Name>System.Boolean MFlow.Core.Internal.Validators.Dates.BeforeValidator::Validate(System.DateTime,System.DateTime)</Name>
              <SequencePoints />
              <BranchPoints />
              <MethodPoint vc="0" uspid="215" ordinal="0" offset="0" />
            </Method>
            <Method visited="false" cyclomaticComplexity="1" sequenceCoverage="0" branchCoverage="0" isConstructor="true" isStatic="false" isGetter="false" isSetter="false">
              <MetadataToken>100663355</MetadataToken>
              <Name>System.Void MFlow.Core.Internal.Validators.Dates.BeforeValidator::.ctor()</Name>
              <SequencePoints />
              <BranchPoints />
              <MethodPoint vc="0" uspid="216" ordinal="0" offset="0" />
            </Method>
          </Methods>
        </Class>
        <Class>
          <FullName>MFlow.Core.Internal.Validators.Dates.OnValidator</FullName>
          <Methods>
            <Method visited="false" cyclomaticComplexity="1" sequenceCoverage="0" branchCoverage="0" isConstructor="false" isStatic="false" isGetter="false" isSetter="false">
              <MetadataToken>100663356</MetadataToken>
[...]
          <Methods>
            <Method visited="false" cyclomaticComplexity="1" sequenceCoverage="0" branchCoverage="0" isConstructor="true" isStatic="false" isGetter="false" isSetter="false">
              <MetadataToken>100663819</MetadataToken>
              <Name>System.Void MFlow.Core.XmlConfiguration.XmlValidationLoader/&lt;&gt;c__DisplayClass46`1::.ctor()</Name>
              <SequencePoints />
              <BranchPoints />
              <MethodPoint vc="0" uspid="853" ordinal="0" offset="0" />
            </Method>
            <Method visited="false" cyclomaticComplexity="1" sequenceCoverage="0" branchCoverage="0" isConstructor="false" isStatic="false" isGetter="false" isSetter="false">
              <MetadataToken>100663820</MetadataToken>
              <Name>MFlow.Core.Validation.IFluentValidation`1&lt;T&gt; MFlow.Core.XmlConfiguration.XmlValidationLoader/&lt;&gt;c__DisplayClass46`1::&lt;ParseLessThanOrEqualTo&gt;b__45(System.Linq.Expressions.Expression`1&lt;System.Func`2&lt;T,System.Int32&gt;&gt;,System.Linq.Expressions.Expression`1&lt;System.Func`2&lt;T,System.Int32&gt;&gt;,System.String,System.Int32)</Name>
              <SequencePoints />
              <BranchPoints />
              <MethodPoint vc="0" uspid="854" ordinal="0" offset="0" />
            </Method>
          </Methods>
        </Class>
        <Class>
          <FullName>MFlow.Core.XmlConfiguration.XmlValidationLoader/&lt;&gt;c__DisplayClass49`1</FullName>
          <Methods>
            <Method visited="false" cyclomaticComplexity="1" sequenceCoverage="0" branchCoverage="0" isConstructor="true" isStatic="false" isGetter="false" isSetter="false">
              <MetadataToken>100663821</MetadataToken>
              <Name>System.Void MFlow.Core.XmlConfiguration.XmlValidationLoader/&lt;&gt;c__DisplayClass49`1::.ctor()</Name>
              <SequencePoints />
              <BranchPoints />
              <MethodPoint vc="0" uspid="855" ordinal="0" offset="0" />
            </Method>
            <Method visited="false" cyclomaticComplexity="1" sequenceCoverage="0" branchCoverage="0" isConstructor="false" isStatic="false" isGetter="false" isSetter="false">
              <MetadataToken>100663822</MetadataToken>
              <Name>MFlow.Core.Validation.IFluentValidation`1&lt;T&gt; MFlow.Core.XmlConfiguration.XmlValidationLoader/&lt;&gt;c__DisplayClass49`1::&lt;ParseGreaterThanOrEqualTo&gt;b__48(System.Linq.Expressions.Expression`1&lt;System.Func`2&lt;T,System.Int32&gt;&gt;,System.Linq.Expressions.Expression`1&lt;System.Func`2&lt;T,System.Int32&gt;&gt;,System.String,System.Int32)</Name>
              <SequencePoints />
              <BranchPoints />
              <MethodPoint vc="0" uspid="856" ordinal="0" offset="0" />
            </Method>
          </Methods>
        </Class>
        <Class>
          <FullName>MFlow.Core.XmlConfiguration.XmlValidationLoader/&lt;&gt;c__DisplayClass4c`1</FullName>
          <Methods>
            <Method visited="false" cyclomaticComplexity="1" sequenceCoverage="0" branchCoverage="0" isConstructor="true" isStatic="false" isGetter="false" isSetter="false">
              <MetadataToken>100663823</MetadataToken>
              <Name>System.Void MFlow.Core.XmlConfiguration.XmlValidationLoader/&lt;&gt;c__DisplayClass4c`1::.ctor()</Name>
              <SequencePoints />
              <BranchPoints />
              <MethodPoint vc="0" uspid="857" ordinal="0" offset="0" />
            </Method>
            <Method visited="false" cyclomaticComplexity="1" sequenceCoverage="0" branchCoverage="0" isConstructor="false" isStatic="false" isGetter="false" isSetter="false">
              <MetadataToken>100663824</MetadataToken>
              <Name>MFlow.Core.Validation.IFluentValidation`1&lt;T&gt; MFlow.Core.XmlConfiguration.XmlValidationLoader/&lt;&gt;c__DisplayClass4c`1::&lt;ParseAfter&gt;b__4b(System.Linq.Expressions.Expression`1&lt;System.Func`2&lt;T,System.DateTime&gt;&gt;,System.Linq.Expressions.Expression`1&lt;System.Func`2&lt;T,System.DateTime&gt;&gt;,System.String,System.DateTime)</Name>
              <SequencePoints />
              <BranchPoints />
              <MethodPoint vc="0" uspid="858" ordinal="0" offset="0" />
            </Method>
          </Methods>
        </Class>
        <Class>
          <FullName>MFlow.Core.XmlConfiguration.XmlValidationLoader/&lt;&gt;c__DisplayClass4f`1</FullName>
          <Methods>
            <Method visited="false" cyclomaticComplexity="1" sequenceCoverage="0" branchCoverage="0" isConstructor="true" isStatic="false" isGetter="false" isSetter="false">
              <MetadataToken>100663825</MetadataToken>
              <Name>System.Void MFlow.Core.XmlConfiguration.XmlValidationLoader/&lt;&gt;c__DisplayClass4f`1::.ctor()</Name>
              <SequencePoints />
              <BranchPoints />
              <MethodPoint vc="0" uspid="859" ordinal="0" offset="0" />
            </Method>
            <Method visited="false" cyclomaticComplexity="1" sequenceCoverage="0" branchCoverage="0" isConstructor="false" isStatic="false" isGetter="false" isSetter="false">
              <MetadataToken>100663826</MetadataToken>
              <Name>MFlow.Core.Validation.IFluentValidation`1&lt;T&gt; MFlow.Core.XmlConfiguration.XmlValidationLoader/&lt;&gt;c__DisplayClass4f`1::&lt;ParseBefore&gt;b__4e(System.Linq.Expressions.Expression`1&lt;System.Func`2&lt;T,System.DateTime&gt;&gt;,System.Linq.Expressions.Expression`1&lt;System.Func`2&lt;T,System.DateTime&gt;&gt;,System.String,System.DateTime)</Name>
              <SequencePoints />
              <BranchPoints />
              <MethodPoint vc="0" uspid="860" ordinal="0" offset="0" />
            </Method>
          </Methods>
        </Class>
        <Class>
          <FullName>MFlow.Core.XmlConfiguration.XmlValidationLoader/&lt;&gt;c__DisplayClass52`1</FullName>
          <Methods>
            <Method visited="false" cyclomaticComplexity="1" sequenceCoverage="0" branchCoverage="0" isConstructor="true" isStatic="false" isGetter="false" isSetter="false">
              <MetadataToken>100663827</MetadataToken>
              <Name>System.Void MFlow.Core.XmlConfiguration.XmlValidationLoader/&lt;&gt;c__DisplayClass52`1::.ctor()</Name>
              <SequencePoints />
              <BranchPoints />
              <MethodPoint vc="0" uspid="861" ordinal="0" offset="0" />
            </Method>
            <Method visited="false" cyclomaticComplexity="1" sequenceCoverage="0" branchCoverage="0" isConstructor="false" isStatic="false" isGetter="false" isSetter="false">
              <MetadataToken>100663828</MetadataToken>
              <Name>MFlow.Core.Validation.IFluentValidation`1&lt;T&gt; MFlow.Core.XmlConfiguration.XmlValidationLoader/&lt;&gt;c__DisplayClass52`1::&lt;ParseOn&gt;b__51(System.Linq.Expressions.Expression`1&lt;System.Func`2&lt;T,System.DateTime&gt;&gt;,System.Linq.Expressions.Expression`1&lt;System.Func`2&lt;T,System.DateTime&gt;&gt;,System.String,System.DateTime)</Name>
              <SequencePoints />
              <BranchPoints />
              <MethodPoint vc="0" uspid="862" ordinal="0" offset="0" />
            </Method>
          </Methods>
        </Class>
        <Class>
          <FullName>MFlow.Core.XmlConfiguration.XmlValidationLoader/&lt;&gt;c__DisplayClass55`1</FullName>
          <Methods>
            <Method visited="false" cyclomaticComplexity="1" sequenceCoverage="0" branchCoverage="0" isConstructor="true" isStatic="false" isGetter="false" isSetter="false">
              <MetadataToken>100663829</MetadataToken>
              <Name>System.Void MFlow.Core.XmlConfiguration.XmlValidationLoader/&lt;&gt;c__DisplayClass55`1::.ctor()</Name>
              <SequencePoints />
              <BranchPoints />
              <MethodPoint vc="0" uspid="863" ordinal="0" offset="0" />
            </Method>
            <Method visited="false" cyclomaticComplexity="1" sequenceCoverage="0" branchCoverage="0" isConstructor="false" isStatic="false" isGetter="false" isSetter="false">
              <MetadataToken>100663830</MetadataToken>
              <Name>MFlow.Core.Validation.IFluentValidation`1&lt;T&gt; MFlow.Core.XmlConfiguration.XmlValidationLoader/&lt;&gt;c__DisplayClass55`1::&lt;ParseIsThisYear&gt;b__54(System.Linq.Expressions.Expression`1&lt;System.Func`2&lt;T,System.DateTime&gt;&gt;,System.Linq.Expressions.Expression`1&lt;System.Func`2&lt;T,System.DateTime&gt;&gt;,System.String,System.DateTime)</Name>
              <SequencePoints />
              <BranchPoints />
              <MethodPoint vc="0" uspid="864" ordinal="0" offset="0" />
            </Method>
          </Methods>
        </Class>
        <Class>
          <FullName>MFlow.Core.XmlConfiguration.XmlValidationLoader/&lt;&gt;c__DisplayClass58`1</FullName>
          <Methods>
            <Method visited="false" cyclomaticComplexity="1" sequenceCoverage="0" branchCoverage="0" isConstructor="true" isStatic="false" isGetter="false" isSetter="false">
              <MetadataToken>100663831</MetadataToken>
              <Name>System.Void MFlow.Core.XmlConfiguration.XmlValidationLoader/&lt;&gt;c__DisplayClass58`1::.ctor()</Name>
              <SequencePoints />
              <BranchPoints />
              <MethodPoint vc="0" uspid="865" ordinal="0" offset="0" />
            </Method>
            <Method visited="false" cyclomaticComplexity="1" sequenceCoverage="0" branchCoverage="0" isConstructor="false" isStatic="false" isGetter="false" isSetter="false">
              <MetadataToken>100663832</MetadataToken>
              <Name>MFlow.Core.Validation.IFluentValidation`1&lt;T&gt; MFlow.Core.XmlConfiguration.XmlValidationLoader/&lt;&gt;c__DisplayClass58`1::&lt;ParseIsThisMonth&gt;b__57(System.Linq.Expressions.Expression`1&lt;System.Func`2&lt;T,System.DateTime&gt;&gt;,System.Linq.Expressions.Expression`1&lt;System.Func`2&lt;T,System.DateTime&gt;&gt;,System.String,System.DateTime)</Name>
              <SequencePoints />
              <BranchPoints />
              <MethodPoint vc="0" uspid="866" ordinal="0" offset="0" />
            </Method>
          </Methods>
        </Class>
        <Class>
          <FullName>MFlow.Core.XmlConfiguration.XmlValidationLoader/&lt;&gt;c__DisplayClass5b`1</FullName>
          <Methods>
            <Method visited="false" cyclomaticComplexity="1" sequenceCoverage="0" branchCoverage="0" isConstructor="true" isStatic="false" isGetter="false" isSetter="false">
              <MetadataToken>100663833</MetadataToken>
              <Name>System.Void MFlow.Core.XmlConfiguration.XmlValidationLoader/&lt;&gt;c__DisplayClass5b`1::.ctor()</Name>
              <SequencePoints />
              <BranchPoints />
              <MethodPoint vc="0" uspid="867" ordinal="0" offset="0" />
            </Method>
            <Method visited="false" cyclomaticComplexity="1" sequenceCoverage="0" branchCoverage="0" isConstructor="false" isStatic="false" isGetter="false" isSetter="false">
              <MetadataToken>100663834</MetadataToken>
              <Name>MFlow.Core.Validation.IFluentValidation`1&lt;T&gt; MFlow.Core.XmlConfiguration.XmlValidationLoader/&lt;&gt;c__DisplayClass5b`1::&lt;ParseIsThisWeek&gt;b__5a(System.Linq.Expressions.Expression`1&lt;System.Func`2&lt;T,System.DateTime&gt;&gt;,System.Linq.Expressions.Expression`1&lt;System.Func`2&lt;T,System.DateTime&gt;&gt;,System.String,System.DateTime)</Name>
              <SequencePoints />
              <BranchPoints />
              <MethodPoint vc="0" uspid="868" ordinal="0" offset="0" />
            </Method>
          </Methods>
        </Class>
        <Class>
          <FullName>MFlow.Core.XmlConfiguration.XmlValidationLoader/&lt;&gt;c__DisplayClass5e`1</FullName>
          <Methods>
            <Method visited="false" cyclomaticComplexity="1" sequenceCoverage="0" branchCoverage="0" isConstructor="true" isStatic="false" isGetter="false" isSetter="false">
              <MetadataToken>100663835</MetadataToken>
              <Name>System.Void MFlow.Core.XmlConfiguration.XmlValidationLoader/&lt;&gt;c__DisplayClass5e`1::.ctor()</Name>
              <SequencePoints />
              <BranchPoints />
              <MethodPoint vc="0" uspid="869" ordinal="0" offset="0" />
            </Method>
            <Method visited="false" cyclomaticComplexity="1" sequenceCoverage="0" branchCoverage="0" isConstructor="false" isStatic="false" isGetter="false" isSetter="false">
              <MetadataToken>100663836</MetadataToken>
              <Name>MFlow.Core.Validation.IFluentValidation`1&lt;T&gt; MFlow.Core.XmlConfiguration.XmlValidationLoader/&lt;&gt;c__DisplayClass5e`1::&lt;ParseIsToday&gt;b__5d(System.Linq.Expressions.Expression`1&lt;System.Func`2&lt;T,System.DateTime&gt;&gt;,System.Linq.Expressions.Expression`1&lt;System.Func`2&lt;T,System.DateTime&gt;&gt;,System.String,System.DateTime)</Name>
              <SequencePoints />
              <BranchPoints />
              <MethodPoint vc="0" uspid="870" ordinal="0" offset="0" />
            </Method>
          </Methods>
        </Class>
        <Class>
          <FullName>&lt;PrivateImplementationDetails&gt;{927B7E1C-9FDF-4342-B005-56298D41852F}</FullName>
          <Methods />
        </Class>
      </Classes>
    </Module>
    <Module hash="9F-95-D4-3A-45-A3-79-B7-15-41-03-83-2D-FC-D4-E8-E5-62-87-34">
      <FullName>C:\Users\Mark\AppData\Local\Temp\nunit20\ShadowCopyCache\8708_634937922863989508\Tests_113465377\assembly\dl3\65e9b332\95296a77_95f2cd01\MFlow.Mvc.dll</FullName>
      <ModuleName>MFlow.Mvc</ModuleName>
      <Files>
        <File uid="25" fullPath="c:\git\MFlow\MFlow.Mvc\ValidatedModel.cs" />
      </Files>
      <Classes>
        <Class>
          <FullName>&lt;Module&gt;</FullName>
          <Methods />
        </Class>
        <Class>
          <FullName>MFlow.Mvc.ValidatedModel`1</FullName>
          <Methods>
            <Method visited="false" cyclomaticComplexity="1" sequenceCoverage="0" branchCoverage="0" isConstructor="false" isStatic="false" isGetter="true" isSetter="false">
              <MetadataToken>100663301</MetadataToken>
              <Name>MFlow.Core.Validation.IFluentValidationBuilder`1&lt;T&gt; MFlow.Mvc.ValidatedModel`1::get_Validator()</Name>
              <FileRef uid="25" />
              <SequencePoints>
                <SequencePoint vc="0" uspid="871" ordinal="0" offset="0" sl="31" sc="13" el="31" ec="14" />
                <SequencePoint vc="0" uspid="872" ordinal="1" offset="1" sl="32" sc="17" el="32" ec="35" />
                <SequencePoint vc="0" uspid="873" ordinal="2" offset="10" sl="33" sc="13" el="33" ec="14" />
              </SequencePoints>
              <BranchPoints />
              <MethodPoint xsi:type="SequencePoint" vc="0" uspid="871" ordinal="0" offset="0" sl="31" sc="13" el="31" ec="14" />
            </Method>
            <Method visited="false" cyclomaticComplexity="1" sequenceCoverage="0" branchCoverage="0" isConstructor="false" isStatic="false" isGetter="false" isSetter="false">
              <MetadataToken>100663300</MetadataToken>
              <Name>System.Void MFlow.Mvc.ValidatedModel`1::SetTarget(T,System.Boolean,System.String)</Name>
              <FileRef uid="25" />
              <SequencePoints>
                <SequencePoint vc="0" uspid="874" ordinal="0" offset="0" sl="20" sc="9" el="20" ec="10" />
                <SequencePoint vc="0" uspid="875" ordinal="1" offset="1" sl="21" sc="13" el="21" ec="54" />
                <SequencePoint vc="0" uspid="876" ordinal="2" offset="12" sl="22" sc="13" el="22" ec="92" />
                <SequencePoint vc="0" uspid="877" ordinal="3" offset="32" sl="23" sc="9" el="23" ec="10" />
              </SequencePoints>
              <BranchPoints />
              <MethodPoint xsi:type="SequencePoint" vc="0" uspid="874" ordinal="0" offset="0" sl="20" sc="9" el="20" ec="10" />
            </Method>
            <Method visited="false" cyclomaticComplexity="2" sequenceCoverage="0" branchCoverage="0" isConstructor="false" isStatic="false" isGetter="false" isSetter="false">
              <MetadataToken>100663302</MetadataToken>
              <Name>System.Collections.Generic.IEnumerable`1&lt;System.ComponentModel.DataAnnotations.ValidationResult&gt; MFlow.Mvc.ValidatedModel`1::Validate(System.ComponentModel.DataAnnotations.ValidationContext)</Name>
              <FileRef uid="25" />
              <SequencePoints>
                <SequencePoint vc="0" uspid="878" ordinal="0" offset="0" sl="40" sc="9" el="40" ec="10" />
                <SequencePoint vc="0" uspid="879" ordinal="1" offset="1" sl="41" sc="13" el="41" ec="71" />
                <SequencePoint vc="0" uspid="880" ordinal="2" offset="24" sl="42" sc="13" el="42" ec="50" />
                <SequencePoint vc="0" uspid="881" ordinal="3" offset="37" sl="43" sc="13" el="43" ec="111" />
                <SequencePoint vc="0" uspid="882" ordinal="4" offset="77" sl="44" sc="9" el="44" ec="10" />
              </SequencePoints>
              <BranchPoints>
                <BranchPoint vc="0" uspid="883" ordinal="0" offset="43" path="0" />
                <BranchPoint vc="0" uspid="884" ordinal="1" offset="43" path="1" />
              </BranchPoints>
              <MethodPoint xsi:type="SequencePoint" vc="0" uspid="878" ordinal="0" offset="0" sl="40" sc="9" el="40" ec="10" />
            </Method>
            <Method visited="false" cyclomaticComplexity="1" sequenceCoverage="0" branchCoverage="0" isConstructor="true" isStatic="false" isGetter="false" isSetter="false">
              <MetadataToken>100663303</MetadataToken>
              <Name>System.Void MFlow.Mvc.ValidatedModel`1::.ctor()</Name>
              <SequencePoints />
              <BranchPoints />
              <MethodPoint vc="0" uspid="885" ordinal="0" offset="0" />
            </Method>
            <Method visited="false" cyclomaticComplexity="1" sequenceCoverage="0" branchCoverage="0" isConstructor="false" isStatic="true" isGetter="false" isSetter="false">
              <MetadataToken>100663304</MetadataToken>
              <Name>System.ComponentModel.DataAnnotations.ValidationResult MFlow.Mvc.ValidatedModel`1::&lt;Validate&gt;b__0(MFlow.Core.Validation.IValidationResult`1&lt;T&gt;)</Name>
              <FileRef uid="25" />
              <SequencePoints>
                <SequencePoint vc="0" uspid="886" ordinal="0" offset="0" sl="43" sc="41" el="43" ec="109" />
              </SequencePoints>
              <BranchPoints />
              <MethodPoint xsi:type="SequencePoint" vc="0" uspid="886" ordinal="0" offset="0" sl="43" sc="41" el="43" ec="109" />
            </Method>
          </Methods>
        </Class>
      </Classes>
    </Module>
    <Module skippedDueTo="Filter" hash="B3-8B-3A-84-6B-F6-8B-81-C7-FB-6A-D5-93-36-10-90-CE-F8-08-5E">
      <FullName>C:\Windows\Microsoft.Net\assembly\GAC_MSIL\System.ComponentModel.DataAnnotations\v4.0_4.0.0.0__31bf3856ad364e35\System.ComponentModel.DataAnnotations.dll</FullName>
      <ModuleName>System.ComponentModel.DataAnnotations</ModuleName>
      <Classes />
    </Module>
    <Module skippedDueTo="Filter" hash="B8-9B-39-62-96-FA-22-04-A4-83-5E-C1-18-A0-71-4E-D1-60-3A-E2">
      <FullName>C:\Windows\Microsoft.Net\assembly\GAC_64\System.Web\v4.0_4.0.0.0__b03f5f7f11d50a3a\System.Web.dll</FullName>
      <ModuleName>System.Web</ModuleName>
      <Classes />
    </Module>
    <Module skippedDueTo="Filter" hash="E6-19-65-B1-4D-4F-29-C3-95-E9-1F-19-C2-FE-57-58-60-7F-BE-32">
      <FullName>C:\Windows\Microsoft.Net\assembly\GAC_MSIL\System.Web.WebPages\v4.0_2.0.0.0__31bf3856ad364e35\System.Web.WebPages.dll</FullName>
      <ModuleName>System.Web.WebPages</ModuleName>
      <Classes />
    </Module>
  </Modules>
</CoverageSession>